[2025-08-19T04:11:37.188+0000] {manager.py:483} INFO - Processing files using up to 2 processes at a time 
[2025-08-19T04:11:37.192+0000] {manager.py:484} INFO - Process each file at most once every 30 seconds
[2025-08-19T04:11:37.194+0000] {manager.py:485} INFO - Checking for new files in /opt/airflow/dags every 300 seconds
[2025-08-19T04:11:37.197+0000] {manager.py:821} INFO - Searching for files in /opt/airflow/dags
[2025-08-19T04:11:37.209+0000] {manager.py:824} INFO - There are 0 files in /opt/airflow/dags
[2025-08-19T04:16:34.872+0000] {manager.py:465} INFO - Exiting gracefully upon receiving signal 15
[2025-08-19T04:16:58.534+0000] {manager.py:483} INFO - Processing files using up to 2 processes at a time 
[2025-08-19T04:16:58.535+0000] {manager.py:484} INFO - Process each file at most once every 30 seconds
[2025-08-19T04:16:58.536+0000] {manager.py:485} INFO - Checking for new files in /opt/airflow/dags every 300 seconds
[2025-08-19T04:16:58.537+0000] {manager.py:821} INFO - Searching for files in /opt/airflow/dags
[2025-08-19T04:16:58.558+0000] {manager.py:824} INFO - There are 1 files in /opt/airflow/dags
[2025-08-19T04:16:58.751+0000] {manager.py:997} INFO - 
================================================================================
DAG File Processing Stats

File Path                   PID  Runtime      # DAGs    # Errors  Last Runtime    Last Run      Last # of DB Queries
------------------------  -----  ---------  --------  ----------  --------------  ----------  ----------------------
/opt/airflow/dags/dag.py    181  0.05s             0           0                                                   0
================================================================================
[2025-08-19T04:17:29.081+0000] {manager.py:997} INFO - 
================================================================================
DAG File Processing Stats

File Path                 PID    Runtime      # DAGs    # Errors  Last Runtime    Last Run               Last # of DB Queries
------------------------  -----  ---------  --------  ----------  --------------  -------------------  ----------------------
/opt/airflow/dags/dag.py                           1           0  1.12s           2025-08-19T04:16:59                      45
================================================================================
[2025-08-19T04:17:59.483+0000] {manager.py:997} INFO - 
================================================================================
DAG File Processing Stats

File Path                 PID    Runtime      # DAGs    # Errors  Last Runtime    Last Run               Last # of DB Queries
------------------------  -----  ---------  --------  ----------  --------------  -------------------  ----------------------
/opt/airflow/dags/dag.py                           1           0  0.29s           2025-08-19T04:17:30                      12
================================================================================
[2025-08-19T04:18:29.874+0000] {manager.py:997} INFO - 
================================================================================
DAG File Processing Stats

File Path                 PID    Runtime      # DAGs    # Errors  Last Runtime    Last Run               Last # of DB Queries
------------------------  -----  ---------  --------  ----------  --------------  -------------------  ----------------------
/opt/airflow/dags/dag.py                           1           0  0.22s           2025-08-19T04:18:00                      12
================================================================================
[2025-08-19T04:19:00.404+0000] {manager.py:997} INFO - 
================================================================================
DAG File Processing Stats

File Path                 PID    Runtime      # DAGs    # Errors  Last Runtime    Last Run               Last # of DB Queries
------------------------  -----  ---------  --------  ----------  --------------  -------------------  ----------------------
/opt/airflow/dags/dag.py                           1           0  0.28s           2025-08-19T04:18:31                      12
================================================================================
[2025-08-19T04:19:30.888+0000] {manager.py:997} INFO - 
================================================================================
DAG File Processing Stats

File Path                 PID    Runtime      # DAGs    # Errors  Last Runtime    Last Run               Last # of DB Queries
------------------------  -----  ---------  --------  ----------  --------------  -------------------  ----------------------
/opt/airflow/dags/dag.py                           1           0  0.27s           2025-08-19T04:19:01                      12
================================================================================
[2025-08-19T04:20:01.497+0000] {manager.py:997} INFO - 
================================================================================
DAG File Processing Stats

File Path                 PID    Runtime      # DAGs    # Errors  Last Runtime    Last Run               Last # of DB Queries
------------------------  -----  ---------  --------  ----------  --------------  -------------------  ----------------------
/opt/airflow/dags/dag.py                           1           0  0.31s           2025-08-19T04:19:32                      12
================================================================================
[2025-08-19T04:20:31.877+0000] {manager.py:997} INFO - 
================================================================================
DAG File Processing Stats

File Path                 PID    Runtime      # DAGs    # Errors  Last Runtime    Last Run               Last # of DB Queries
------------------------  -----  ---------  --------  ----------  --------------  -------------------  ----------------------
/opt/airflow/dags/dag.py                           1           0  0.21s           2025-08-19T04:20:02                      12
================================================================================
[2025-08-19T04:21:02.408+0000] {manager.py:997} INFO - 
================================================================================
DAG File Processing Stats

File Path                 PID    Runtime      # DAGs    # Errors  Last Runtime    Last Run               Last # of DB Queries
------------------------  -----  ---------  --------  ----------  --------------  -------------------  ----------------------
/opt/airflow/dags/dag.py                           1           0  0.30s           2025-08-19T04:20:33                      12
================================================================================
[2025-08-19T04:21:32.958+0000] {manager.py:997} INFO - 
================================================================================
DAG File Processing Stats

File Path                 PID    Runtime      # DAGs    # Errors  Last Runtime    Last Run               Last # of DB Queries
------------------------  -----  ---------  --------  ----------  --------------  -------------------  ----------------------
/opt/airflow/dags/dag.py                           1           0  0.26s           2025-08-19T04:21:03                      12
================================================================================
[2025-08-19T04:21:59.370+0000] {manager.py:821} INFO - Searching for files in /opt/airflow/dags
[2025-08-19T04:21:59.439+0000] {manager.py:824} INFO - There are 1 files in /opt/airflow/dags
[2025-08-19T04:22:03.518+0000] {manager.py:997} INFO - 
================================================================================
DAG File Processing Stats

File Path                 PID    Runtime      # DAGs    # Errors  Last Runtime    Last Run               Last # of DB Queries
------------------------  -----  ---------  --------  ----------  --------------  -------------------  ----------------------
/opt/airflow/dags/dag.py                           1           0  0.27s           2025-08-19T04:21:34                      12
================================================================================
[2025-08-19T04:22:33.916+0000] {manager.py:997} INFO - 
================================================================================
DAG File Processing Stats

File Path                 PID    Runtime      # DAGs    # Errors  Last Runtime    Last Run               Last # of DB Queries
------------------------  -----  ---------  --------  ----------  --------------  -------------------  ----------------------
/opt/airflow/dags/dag.py                           1           0  0.28s           2025-08-19T04:22:04                      12
================================================================================
[2025-08-19T04:23:04.512+0000] {manager.py:997} INFO - 
================================================================================
DAG File Processing Stats

File Path                 PID    Runtime      # DAGs    # Errors  Last Runtime    Last Run               Last # of DB Queries
------------------------  -----  ---------  --------  ----------  --------------  -------------------  ----------------------
/opt/airflow/dags/dag.py                           1           0  0.30s           2025-08-19T04:22:35                      12
================================================================================
[2025-08-19T04:23:34.914+0000] {manager.py:997} INFO - 
================================================================================
DAG File Processing Stats

File Path                 PID    Runtime      # DAGs    # Errors  Last Runtime    Last Run               Last # of DB Queries
------------------------  -----  ---------  --------  ----------  --------------  -------------------  ----------------------
/opt/airflow/dags/dag.py                           1           0  0.26s           2025-08-19T04:23:05                      12
================================================================================
[2025-08-19T04:24:05.562+0000] {manager.py:997} INFO - 
================================================================================
DAG File Processing Stats

File Path                 PID    Runtime      # DAGs    # Errors  Last Runtime    Last Run               Last # of DB Queries
------------------------  -----  ---------  --------  ----------  --------------  -------------------  ----------------------
/opt/airflow/dags/dag.py                           1           0  0.28s           2025-08-19T04:23:36                      12
================================================================================
[2025-08-19T04:24:35.942+0000] {manager.py:997} INFO - 
================================================================================
DAG File Processing Stats

File Path                 PID    Runtime      # DAGs    # Errors  Last Runtime    Last Run               Last # of DB Queries
------------------------  -----  ---------  --------  ----------  --------------  -------------------  ----------------------
/opt/airflow/dags/dag.py                           1           0  0.53s           2025-08-19T04:24:07                      12
================================================================================
[2025-08-19T04:25:06.244+0000] {manager.py:997} INFO - 
================================================================================
DAG File Processing Stats

File Path                 PID    Runtime      # DAGs    # Errors  Last Runtime    Last Run               Last # of DB Queries
------------------------  -----  ---------  --------  ----------  --------------  -------------------  ----------------------
/opt/airflow/dags/dag.py                           1           0  0.47s           2025-08-19T04:24:37                      12
================================================================================
[2025-08-19T04:25:36.559+0000] {manager.py:997} INFO - 
================================================================================
DAG File Processing Stats

File Path                 PID    Runtime      # DAGs    # Errors  Last Runtime    Last Run               Last # of DB Queries
------------------------  -----  ---------  --------  ----------  --------------  -------------------  ----------------------
/opt/airflow/dags/dag.py                           1           0  0.40s           2025-08-19T04:25:08                      12
================================================================================
[2025-08-19T04:26:06.777+0000] {manager.py:997} INFO - 
================================================================================
DAG File Processing Stats

File Path                 PID    Runtime      # DAGs    # Errors  Last Runtime    Last Run               Last # of DB Queries
------------------------  -----  ---------  --------  ----------  --------------  -------------------  ----------------------
/opt/airflow/dags/dag.py                           1           0  0.47s           2025-08-19T04:25:39                      12
================================================================================
[2025-08-19T04:26:37.097+0000] {manager.py:997} INFO - 
================================================================================
DAG File Processing Stats

File Path                 PID    Runtime      # DAGs    # Errors  Last Runtime    Last Run               Last # of DB Queries
------------------------  -----  ---------  --------  ----------  --------------  -------------------  ----------------------
/opt/airflow/dags/dag.py                           1           0  0.27s           2025-08-19T04:26:09                      12
================================================================================
[2025-08-19T04:26:59.379+0000] {manager.py:821} INFO - Searching for files in /opt/airflow/dags
[2025-08-19T04:26:59.460+0000] {manager.py:824} INFO - There are 1 files in /opt/airflow/dags
[2025-08-19T04:27:07.566+0000] {manager.py:997} INFO - 
================================================================================
DAG File Processing Stats

File Path                 PID    Runtime      # DAGs    # Errors  Last Runtime    Last Run               Last # of DB Queries
------------------------  -----  ---------  --------  ----------  --------------  -------------------  ----------------------
/opt/airflow/dags/dag.py                           1           0  0.27s           2025-08-19T04:26:40                      12
================================================================================
[2025-08-19T04:27:38.018+0000] {manager.py:997} INFO - 
================================================================================
DAG File Processing Stats

File Path                 PID    Runtime      # DAGs    # Errors  Last Runtime    Last Run               Last # of DB Queries
------------------------  -----  ---------  --------  ----------  --------------  -------------------  ----------------------
/opt/airflow/dags/dag.py                           1           0  0.24s           2025-08-19T04:27:10                      12
================================================================================
[2025-08-19T04:28:08.493+0000] {manager.py:997} INFO - 
================================================================================
DAG File Processing Stats

File Path                 PID    Runtime      # DAGs    # Errors  Last Runtime    Last Run               Last # of DB Queries
------------------------  -----  ---------  --------  ----------  --------------  -------------------  ----------------------
/opt/airflow/dags/dag.py                           1           0  0.26s           2025-08-19T04:27:41                      12
================================================================================
[2025-08-19T04:28:39.042+0000] {manager.py:997} INFO - 
================================================================================
DAG File Processing Stats

File Path                 PID    Runtime      # DAGs    # Errors  Last Runtime    Last Run               Last # of DB Queries
------------------------  -----  ---------  --------  ----------  --------------  -------------------  ----------------------
/opt/airflow/dags/dag.py                           1           0  0.27s           2025-08-19T04:28:11                      12
================================================================================
[2025-08-19T04:29:09.459+0000] {manager.py:997} INFO - 
================================================================================
DAG File Processing Stats

File Path                 PID    Runtime      # DAGs    # Errors  Last Runtime    Last Run               Last # of DB Queries
------------------------  -----  ---------  --------  ----------  --------------  -------------------  ----------------------
/opt/airflow/dags/dag.py                           1           0  0.24s           2025-08-19T04:28:42                      12
================================================================================
[2025-08-19T04:29:40.015+0000] {manager.py:997} INFO - 
================================================================================
DAG File Processing Stats

File Path                 PID    Runtime      # DAGs    # Errors  Last Runtime    Last Run               Last # of DB Queries
------------------------  -----  ---------  --------  ----------  --------------  -------------------  ----------------------
/opt/airflow/dags/dag.py                           1           0  0.26s           2025-08-19T04:29:12                      12
================================================================================
[2025-08-19T04:30:10.379+0000] {manager.py:997} INFO - 
================================================================================
DAG File Processing Stats

File Path                 PID    Runtime      # DAGs    # Errors  Last Runtime    Last Run               Last # of DB Queries
------------------------  -----  ---------  --------  ----------  --------------  -------------------  ----------------------
/opt/airflow/dags/dag.py                           1           0  0.25s           2025-08-19T04:29:43                      12
================================================================================
[2025-08-19T04:30:40.851+0000] {manager.py:997} INFO - 
================================================================================
DAG File Processing Stats

File Path                 PID    Runtime      # DAGs    # Errors  Last Runtime    Last Run               Last # of DB Queries
------------------------  -----  ---------  --------  ----------  --------------  -------------------  ----------------------
/opt/airflow/dags/dag.py                           1           0  0.25s           2025-08-19T04:30:13                      12
================================================================================
[2025-08-19T04:31:11.226+0000] {manager.py:997} INFO - 
================================================================================
DAG File Processing Stats

File Path                 PID    Runtime      # DAGs    # Errors  Last Runtime    Last Run               Last # of DB Queries
------------------------  -----  ---------  --------  ----------  --------------  -------------------  ----------------------
/opt/airflow/dags/dag.py                           1           0  0.27s           2025-08-19T04:30:44                      12
================================================================================
[2025-08-19T04:31:41.602+0000] {manager.py:997} INFO - 
================================================================================
DAG File Processing Stats

File Path                 PID    Runtime      # DAGs    # Errors  Last Runtime    Last Run               Last # of DB Queries
------------------------  -----  ---------  --------  ----------  --------------  -------------------  ----------------------
/opt/airflow/dags/dag.py                           1           0  0.21s           2025-08-19T04:31:14                      12
================================================================================
[2025-08-19T04:31:59.979+0000] {manager.py:821} INFO - Searching for files in /opt/airflow/dags
[2025-08-19T04:32:00.045+0000] {manager.py:824} INFO - There are 1 files in /opt/airflow/dags
[2025-08-19T04:32:12.210+0000] {manager.py:997} INFO - 
================================================================================
DAG File Processing Stats

File Path                 PID    Runtime      # DAGs    # Errors  Last Runtime    Last Run               Last # of DB Queries
------------------------  -----  ---------  --------  ----------  --------------  -------------------  ----------------------
/opt/airflow/dags/dag.py                           1           0  0.25s           2025-08-19T04:31:44                      12
================================================================================
[2025-08-19T04:32:42.609+0000] {manager.py:997} INFO - 
================================================================================
DAG File Processing Stats

File Path                 PID    Runtime      # DAGs    # Errors  Last Runtime    Last Run               Last # of DB Queries
------------------------  -----  ---------  --------  ----------  --------------  -------------------  ----------------------
/opt/airflow/dags/dag.py                           1           0  0.27s           2025-08-19T04:32:15                      12
================================================================================
[2025-08-19T04:33:13.225+0000] {manager.py:997} INFO - 
================================================================================
DAG File Processing Stats

File Path                 PID    Runtime      # DAGs    # Errors  Last Runtime    Last Run               Last # of DB Queries
------------------------  -----  ---------  --------  ----------  --------------  -------------------  ----------------------
/opt/airflow/dags/dag.py                           1           0  0.24s           2025-08-19T04:32:45                      12
================================================================================
[2025-08-19T04:33:43.661+0000] {manager.py:997} INFO - 
================================================================================
DAG File Processing Stats

File Path                 PID    Runtime      # DAGs    # Errors  Last Runtime    Last Run               Last # of DB Queries
------------------------  -----  ---------  --------  ----------  --------------  -------------------  ----------------------
/opt/airflow/dags/dag.py                           1           0  0.32s           2025-08-19T04:33:16                      12
================================================================================
[2025-08-19T04:34:14.317+0000] {manager.py:997} INFO - 
================================================================================
DAG File Processing Stats

File Path                 PID    Runtime      # DAGs    # Errors  Last Runtime    Last Run               Last # of DB Queries
------------------------  -----  ---------  --------  ----------  --------------  -------------------  ----------------------
/opt/airflow/dags/dag.py                           1           0  0.25s           2025-08-19T04:33:47                      12
================================================================================
[2025-08-19T04:34:44.719+0000] {manager.py:997} INFO - 
================================================================================
DAG File Processing Stats

File Path                 PID    Runtime      # DAGs    # Errors  Last Runtime    Last Run               Last # of DB Queries
------------------------  -----  ---------  --------  ----------  --------------  -------------------  ----------------------
/opt/airflow/dags/dag.py                           1           0  0.25s           2025-08-19T04:34:17                      12
================================================================================
[2025-08-19T04:35:15.225+0000] {manager.py:997} INFO - 
================================================================================
DAG File Processing Stats

File Path                 PID    Runtime      # DAGs    # Errors  Last Runtime    Last Run               Last # of DB Queries
------------------------  -----  ---------  --------  ----------  --------------  -------------------  ----------------------
/opt/airflow/dags/dag.py                           1           0  0.20s           2025-08-19T04:34:47                      12
================================================================================
[2025-08-19T04:35:45.539+0000] {manager.py:997} INFO - 
================================================================================
DAG File Processing Stats

File Path                 PID    Runtime      # DAGs    # Errors  Last Runtime    Last Run               Last # of DB Queries
------------------------  -----  ---------  --------  ----------  --------------  -------------------  ----------------------
/opt/airflow/dags/dag.py                           1           0  0.24s           2025-08-19T04:35:18                      12
================================================================================
[2025-08-19T04:36:16.032+0000] {manager.py:997} INFO - 
================================================================================
DAG File Processing Stats

File Path                 PID    Runtime      # DAGs    # Errors  Last Runtime    Last Run               Last # of DB Queries
------------------------  -----  ---------  --------  ----------  --------------  -------------------  ----------------------
/opt/airflow/dags/dag.py                           1           0  0.21s           2025-08-19T04:35:48                      12
================================================================================
[2025-08-19T04:36:46.425+0000] {manager.py:997} INFO - 
================================================================================
DAG File Processing Stats

File Path                 PID    Runtime      # DAGs    # Errors  Last Runtime    Last Run               Last # of DB Queries
------------------------  -----  ---------  --------  ----------  --------------  -------------------  ----------------------
/opt/airflow/dags/dag.py                           1           0  0.25s           2025-08-19T04:36:19                      12
================================================================================
[2025-08-19T04:37:00.797+0000] {manager.py:821} INFO - Searching for files in /opt/airflow/dags
[2025-08-19T04:37:00.850+0000] {manager.py:824} INFO - There are 1 files in /opt/airflow/dags
[2025-08-19T04:37:17.061+0000] {manager.py:997} INFO - 
================================================================================
DAG File Processing Stats

File Path                 PID    Runtime      # DAGs    # Errors  Last Runtime    Last Run               Last # of DB Queries
------------------------  -----  ---------  --------  ----------  --------------  -------------------  ----------------------
/opt/airflow/dags/dag.py                           1           0  0.26s           2025-08-19T04:36:49                      12
================================================================================
[2025-08-19T04:37:47.436+0000] {manager.py:997} INFO - 
================================================================================
DAG File Processing Stats

File Path                 PID    Runtime      # DAGs    # Errors  Last Runtime    Last Run               Last # of DB Queries
------------------------  -----  ---------  --------  ----------  --------------  -------------------  ----------------------
/opt/airflow/dags/dag.py                           1           0  0.24s           2025-08-19T04:37:20                      12
================================================================================
[2025-08-19T04:38:18.074+0000] {manager.py:997} INFO - 
================================================================================
DAG File Processing Stats

File Path                 PID    Runtime      # DAGs    # Errors  Last Runtime    Last Run               Last # of DB Queries
------------------------  -----  ---------  --------  ----------  --------------  -------------------  ----------------------
/opt/airflow/dags/dag.py                           1           0  0.27s           2025-08-19T04:37:50                      12
================================================================================
[2025-08-19T04:38:48.495+0000] {manager.py:997} INFO - 
================================================================================
DAG File Processing Stats

File Path                 PID    Runtime      # DAGs    # Errors  Last Runtime    Last Run               Last # of DB Queries
------------------------  -----  ---------  --------  ----------  --------------  -------------------  ----------------------
/opt/airflow/dags/dag.py                           1           0  0.38s           2025-08-19T04:38:21                      12
================================================================================
[2025-08-19T04:39:18.864+0000] {manager.py:997} INFO - 
================================================================================
DAG File Processing Stats

File Path                 PID    Runtime      # DAGs    # Errors  Last Runtime    Last Run               Last # of DB Queries
------------------------  -----  ---------  --------  ----------  --------------  -------------------  ----------------------
/opt/airflow/dags/dag.py                           1           0  0.27s           2025-08-19T04:38:51                      12
================================================================================
[2025-08-19T04:39:49.457+0000] {manager.py:997} INFO - 
================================================================================
DAG File Processing Stats

File Path                 PID    Runtime      # DAGs    # Errors  Last Runtime    Last Run               Last # of DB Queries
------------------------  -----  ---------  --------  ----------  --------------  -------------------  ----------------------
/opt/airflow/dags/dag.py                           1           0  0.25s           2025-08-19T04:39:22                      12
================================================================================
[2025-08-19T04:40:19.839+0000] {manager.py:997} INFO - 
================================================================================
DAG File Processing Stats

File Path                 PID    Runtime      # DAGs    # Errors  Last Runtime    Last Run               Last # of DB Queries
------------------------  -----  ---------  --------  ----------  --------------  -------------------  ----------------------
/opt/airflow/dags/dag.py                           1           0  0.28s           2025-08-19T04:39:52                      12
================================================================================
[2025-08-19T04:40:50.201+0000] {manager.py:997} INFO - 
================================================================================
DAG File Processing Stats

File Path                 PID    Runtime      # DAGs    # Errors  Last Runtime    Last Run               Last # of DB Queries
------------------------  -----  ---------  --------  ----------  --------------  -------------------  ----------------------
/opt/airflow/dags/dag.py                           1           0  0.21s           2025-08-19T04:40:23                      12
================================================================================
[2025-08-19T04:41:20.685+0000] {manager.py:997} INFO - 
================================================================================
DAG File Processing Stats

File Path                 PID    Runtime      # DAGs    # Errors  Last Runtime    Last Run               Last # of DB Queries
------------------------  -----  ---------  --------  ----------  --------------  -------------------  ----------------------
/opt/airflow/dags/dag.py                           1           0  0.24s           2025-08-19T04:40:53                      12
================================================================================
[2025-08-19T04:41:51.124+0000] {manager.py:997} INFO - 
================================================================================
DAG File Processing Stats

File Path                 PID    Runtime      # DAGs    # Errors  Last Runtime    Last Run               Last # of DB Queries
------------------------  -----  ---------  --------  ----------  --------------  -------------------  ----------------------
/opt/airflow/dags/dag.py                           1           0  0.24s           2025-08-19T04:41:24                      12
================================================================================
[2025-08-19T04:42:01.408+0000] {manager.py:821} INFO - Searching for files in /opt/airflow/dags
[2025-08-19T04:42:01.512+0000] {manager.py:824} INFO - There are 1 files in /opt/airflow/dags
[2025-08-19T04:42:21.768+0000] {manager.py:997} INFO - 
================================================================================
DAG File Processing Stats

File Path                 PID    Runtime      # DAGs    # Errors  Last Runtime    Last Run               Last # of DB Queries
------------------------  -----  ---------  --------  ----------  --------------  -------------------  ----------------------
/opt/airflow/dags/dag.py                           1           0  0.27s           2025-08-19T04:41:54                      12
================================================================================
[2025-08-19T04:42:52.175+0000] {manager.py:997} INFO - 
================================================================================
DAG File Processing Stats

File Path                 PID    Runtime      # DAGs    # Errors  Last Runtime    Last Run               Last # of DB Queries
------------------------  -----  ---------  --------  ----------  --------------  -------------------  ----------------------
/opt/airflow/dags/dag.py                           1           0  0.27s           2025-08-19T04:42:25                      12
================================================================================
[2025-08-19T04:43:22.759+0000] {manager.py:997} INFO - 
================================================================================
DAG File Processing Stats

File Path                 PID    Runtime      # DAGs    # Errors  Last Runtime    Last Run               Last # of DB Queries
------------------------  -----  ---------  --------  ----------  --------------  -------------------  ----------------------
/opt/airflow/dags/dag.py                           1           0  0.26s           2025-08-19T04:42:55                      12
================================================================================
[2025-08-19T04:43:53.207+0000] {manager.py:997} INFO - 
================================================================================
DAG File Processing Stats

File Path                 PID    Runtime      # DAGs    # Errors  Last Runtime    Last Run               Last # of DB Queries
------------------------  -----  ---------  --------  ----------  --------------  -------------------  ----------------------
/opt/airflow/dags/dag.py                           1           0  0.24s           2025-08-19T04:43:26                      12
================================================================================
[2025-08-19T04:44:23.757+0000] {manager.py:997} INFO - 
================================================================================
DAG File Processing Stats

File Path                 PID    Runtime      # DAGs    # Errors  Last Runtime    Last Run               Last # of DB Queries
------------------------  -----  ---------  --------  ----------  --------------  -------------------  ----------------------
/opt/airflow/dags/dag.py                           1           0  0.27s           2025-08-19T04:43:56                      12
================================================================================
[2025-08-19T04:44:54.232+0000] {manager.py:997} INFO - 
================================================================================
DAG File Processing Stats

File Path                 PID    Runtime      # DAGs    # Errors  Last Runtime    Last Run               Last # of DB Queries
------------------------  -----  ---------  --------  ----------  --------------  -------------------  ----------------------
/opt/airflow/dags/dag.py                           1           0  0.34s           2025-08-19T04:44:27                      12
================================================================================
[2025-08-19T04:45:24.850+0000] {manager.py:997} INFO - 
================================================================================
DAG File Processing Stats

File Path                 PID    Runtime      # DAGs    # Errors  Last Runtime    Last Run               Last # of DB Queries
------------------------  -----  ---------  --------  ----------  --------------  -------------------  ----------------------
/opt/airflow/dags/dag.py                           1           0  0.24s           2025-08-19T04:44:57                      12
================================================================================
[2025-08-19T04:45:55.340+0000] {manager.py:997} INFO - 
================================================================================
DAG File Processing Stats

File Path                 PID    Runtime      # DAGs    # Errors  Last Runtime    Last Run               Last # of DB Queries
------------------------  -----  ---------  --------  ----------  --------------  -------------------  ----------------------
/opt/airflow/dags/dag.py                           1           0  0.27s           2025-08-19T04:45:28                      12
================================================================================
[2025-08-19T04:46:25.716+0000] {manager.py:997} INFO - 
================================================================================
DAG File Processing Stats

File Path                 PID    Runtime      # DAGs    # Errors  Last Runtime    Last Run               Last # of DB Queries
------------------------  -----  ---------  --------  ----------  --------------  -------------------  ----------------------
/opt/airflow/dags/dag.py                           1           0  0.22s           2025-08-19T04:45:58                      12
================================================================================
[2025-08-19T04:46:56.171+0000] {manager.py:997} INFO - 
================================================================================
DAG File Processing Stats

File Path                 PID    Runtime      # DAGs    # Errors  Last Runtime    Last Run               Last # of DB Queries
------------------------  -----  ---------  --------  ----------  --------------  -------------------  ----------------------
/opt/airflow/dags/dag.py                           1           0  0.27s           2025-08-19T04:46:29                      12
================================================================================
[2025-08-19T04:47:01.450+0000] {manager.py:821} INFO - Searching for files in /opt/airflow/dags
[2025-08-19T04:47:01.499+0000] {manager.py:824} INFO - There are 1 files in /opt/airflow/dags
[2025-08-19T04:47:26.673+0000] {manager.py:997} INFO - 
================================================================================
DAG File Processing Stats

File Path                 PID    Runtime      # DAGs    # Errors  Last Runtime    Last Run               Last # of DB Queries
------------------------  -----  ---------  --------  ----------  --------------  -------------------  ----------------------
/opt/airflow/dags/dag.py                           1           0  0.21s           2025-08-19T04:46:59                      12
================================================================================
[2025-08-19T04:47:57.162+0000] {manager.py:997} INFO - 
================================================================================
DAG File Processing Stats

File Path                 PID    Runtime      # DAGs    # Errors  Last Runtime    Last Run               Last # of DB Queries
------------------------  -----  ---------  --------  ----------  --------------  -------------------  ----------------------
/opt/airflow/dags/dag.py                           1           0  0.23s           2025-08-19T04:47:29                      12
================================================================================
[2025-08-19T04:48:27.567+0000] {manager.py:997} INFO - 
================================================================================
DAG File Processing Stats

File Path                 PID    Runtime      # DAGs    # Errors  Last Runtime    Last Run               Last # of DB Queries
------------------------  -----  ---------  --------  ----------  --------------  -------------------  ----------------------
/opt/airflow/dags/dag.py                           1           0  0.23s           2025-08-19T04:48:00                      12
================================================================================
[2025-08-19T04:48:57.975+0000] {manager.py:997} INFO - 
================================================================================
DAG File Processing Stats

File Path                 PID    Runtime      # DAGs    # Errors  Last Runtime    Last Run               Last # of DB Queries
------------------------  -----  ---------  --------  ----------  --------------  -------------------  ----------------------
/opt/airflow/dags/dag.py                           1           0  0.26s           2025-08-19T04:48:30                      12
================================================================================
[2025-08-19T04:49:28.444+0000] {manager.py:997} INFO - 
================================================================================
DAG File Processing Stats

File Path                 PID    Runtime      # DAGs    # Errors  Last Runtime    Last Run               Last # of DB Queries
------------------------  -----  ---------  --------  ----------  --------------  -------------------  ----------------------
/opt/airflow/dags/dag.py                           1           0  0.20s           2025-08-19T04:49:01                      12
================================================================================
[2025-08-19T04:49:58.822+0000] {manager.py:997} INFO - 
================================================================================
DAG File Processing Stats

File Path                 PID    Runtime      # DAGs    # Errors  Last Runtime    Last Run               Last # of DB Queries
------------------------  -----  ---------  --------  ----------  --------------  -------------------  ----------------------
/opt/airflow/dags/dag.py                           1           0  0.28s           2025-08-19T04:49:31                      12
================================================================================
[2025-08-19T04:50:29.465+0000] {manager.py:997} INFO - 
================================================================================
DAG File Processing Stats

File Path                 PID    Runtime      # DAGs    # Errors  Last Runtime    Last Run               Last # of DB Queries
------------------------  -----  ---------  --------  ----------  --------------  -------------------  ----------------------
/opt/airflow/dags/dag.py                           1           0  0.26s           2025-08-19T04:50:02                      12
================================================================================
[2025-08-19T04:50:59.783+0000] {manager.py:997} INFO - 
================================================================================
DAG File Processing Stats

File Path                 PID    Runtime      # DAGs    # Errors  Last Runtime    Last Run               Last # of DB Queries
------------------------  -----  ---------  --------  ----------  --------------  -------------------  ----------------------
/opt/airflow/dags/dag.py                           1           0  0.23s           2025-08-19T04:50:32                      12
================================================================================
[2025-08-19T04:51:30.300+0000] {manager.py:997} INFO - 
================================================================================
DAG File Processing Stats

File Path                 PID    Runtime      # DAGs    # Errors  Last Runtime    Last Run               Last # of DB Queries
------------------------  -----  ---------  --------  ----------  --------------  -------------------  ----------------------
/opt/airflow/dags/dag.py                           1           0  0.24s           2025-08-19T04:51:03                      12
================================================================================
