[2025-08-19T04:16:58.834+0000] {processor.py:186} INFO - Started process (PID=181) to work on /opt/airflow/dags/dag.py
[2025-08-19T04:16:58.864+0000] {processor.py:914} INFO - Processing file /opt/airflow/dags/dag.py for tasks to queue
[2025-08-19T04:16:58.875+0000] {logging_mixin.py:190} INFO - [2025-08-19T04:16:58.875+0000] {dagbag.py:588} INFO - Filling up the DagBag from /opt/airflow/dags/dag.py
[2025-08-19T04:16:59.309+0000] {processor.py:925} INFO - DAG(s) 'multi_scripts_every_5min' retrieved from /opt/airflow/dags/dag.py
[2025-08-19T04:16:59.662+0000] {logging_mixin.py:190} INFO - [2025-08-19T04:16:59.661+0000] {override.py:1911} INFO - Created Permission View: can delete on DAG:multi_scripts_every_5min
[2025-08-19T04:16:59.674+0000] {logging_mixin.py:190} INFO - [2025-08-19T04:16:59.674+0000] {override.py:1911} INFO - Created Permission View: can read on DAG:multi_scripts_every_5min
[2025-08-19T04:16:59.684+0000] {logging_mixin.py:190} INFO - [2025-08-19T04:16:59.683+0000] {override.py:1911} INFO - Created Permission View: can edit on DAG:multi_scripts_every_5min
[2025-08-19T04:16:59.695+0000] {logging_mixin.py:190} INFO - [2025-08-19T04:16:59.695+0000] {override.py:1911} INFO - Created Permission View: can create on DAG Run:multi_scripts_every_5min
[2025-08-19T04:16:59.706+0000] {logging_mixin.py:190} INFO - [2025-08-19T04:16:59.706+0000] {override.py:1911} INFO - Created Permission View: can delete on DAG Run:multi_scripts_every_5min
[2025-08-19T04:16:59.717+0000] {logging_mixin.py:190} INFO - [2025-08-19T04:16:59.716+0000] {override.py:1911} INFO - Created Permission View: can read on DAG Run:multi_scripts_every_5min
[2025-08-19T04:16:59.726+0000] {logging_mixin.py:190} INFO - [2025-08-19T04:16:59.725+0000] {override.py:1911} INFO - Created Permission View: menu access on DAG Run:multi_scripts_every_5min
[2025-08-19T04:16:59.727+0000] {logging_mixin.py:190} INFO - [2025-08-19T04:16:59.727+0000] {dag.py:3239} INFO - Sync 1 DAGs
[2025-08-19T04:16:59.744+0000] {logging_mixin.py:190} INFO - [2025-08-19T04:16:59.743+0000] {dag.py:3262} INFO - Creating ORM DAG for multi_scripts_every_5min
[2025-08-19T04:16:59.759+0000] {logging_mixin.py:190} INFO - [2025-08-19T04:16:59.758+0000] {dag.py:4180} INFO - Setting next_dagrun for multi_scripts_every_5min to 2025-08-19 04:10:00+00:00, run_after=2025-08-19 04:15:00+00:00
[2025-08-19T04:16:59.791+0000] {processor.py:208} INFO - Processing /opt/airflow/dags/dag.py took 0.970 seconds
[2025-08-19T04:17:30.198+0000] {processor.py:186} INFO - Started process (PID=186) to work on /opt/airflow/dags/dag.py
[2025-08-19T04:17:30.201+0000] {processor.py:914} INFO - Processing file /opt/airflow/dags/dag.py for tasks to queue
[2025-08-19T04:17:30.207+0000] {logging_mixin.py:190} INFO - [2025-08-19T04:17:30.207+0000] {dagbag.py:588} INFO - Filling up the DagBag from /opt/airflow/dags/dag.py
[2025-08-19T04:17:30.284+0000] {processor.py:925} INFO - DAG(s) 'multi_scripts_every_5min' retrieved from /opt/airflow/dags/dag.py
[2025-08-19T04:17:30.327+0000] {logging_mixin.py:190} INFO - [2025-08-19T04:17:30.327+0000] {dag.py:3239} INFO - Sync 1 DAGs
[2025-08-19T04:17:30.365+0000] {logging_mixin.py:190} INFO - [2025-08-19T04:17:30.365+0000] {dag.py:4180} INFO - Setting next_dagrun for multi_scripts_every_5min to 2025-08-19 04:10:00+00:00, run_after=2025-08-19 04:15:00+00:00
[2025-08-19T04:17:30.396+0000] {processor.py:208} INFO - Processing /opt/airflow/dags/dag.py took 0.209 seconds
[2025-08-19T04:18:00.574+0000] {processor.py:186} INFO - Started process (PID=191) to work on /opt/airflow/dags/dag.py
[2025-08-19T04:18:00.576+0000] {processor.py:914} INFO - Processing file /opt/airflow/dags/dag.py for tasks to queue
[2025-08-19T04:18:00.581+0000] {logging_mixin.py:190} INFO - [2025-08-19T04:18:00.581+0000] {dagbag.py:588} INFO - Filling up the DagBag from /opt/airflow/dags/dag.py
[2025-08-19T04:18:00.630+0000] {processor.py:925} INFO - DAG(s) 'multi_scripts_every_5min' retrieved from /opt/airflow/dags/dag.py
[2025-08-19T04:18:00.665+0000] {logging_mixin.py:190} INFO - [2025-08-19T04:18:00.665+0000] {dag.py:3239} INFO - Sync 1 DAGs
[2025-08-19T04:18:00.699+0000] {logging_mixin.py:190} INFO - [2025-08-19T04:18:00.699+0000] {dag.py:4180} INFO - Setting next_dagrun for multi_scripts_every_5min to 2025-08-19 04:10:00+00:00, run_after=2025-08-19 04:15:00+00:00
[2025-08-19T04:18:00.727+0000] {processor.py:208} INFO - Processing /opt/airflow/dags/dag.py took 0.161 seconds
[2025-08-19T04:18:30.982+0000] {processor.py:186} INFO - Started process (PID=196) to work on /opt/airflow/dags/dag.py
[2025-08-19T04:18:30.984+0000] {processor.py:914} INFO - Processing file /opt/airflow/dags/dag.py for tasks to queue
[2025-08-19T04:18:30.990+0000] {logging_mixin.py:190} INFO - [2025-08-19T04:18:30.990+0000] {dagbag.py:588} INFO - Filling up the DagBag from /opt/airflow/dags/dag.py
[2025-08-19T04:18:31.055+0000] {processor.py:925} INFO - DAG(s) 'multi_scripts_every_5min' retrieved from /opt/airflow/dags/dag.py
[2025-08-19T04:18:31.108+0000] {logging_mixin.py:190} INFO - [2025-08-19T04:18:31.107+0000] {dag.py:3239} INFO - Sync 1 DAGs
[2025-08-19T04:18:31.149+0000] {logging_mixin.py:190} INFO - [2025-08-19T04:18:31.149+0000] {dag.py:4180} INFO - Setting next_dagrun for multi_scripts_every_5min to 2025-08-19 04:10:00+00:00, run_after=2025-08-19 04:15:00+00:00
[2025-08-19T04:18:31.181+0000] {processor.py:208} INFO - Processing /opt/airflow/dags/dag.py took 0.212 seconds
[2025-08-19T04:19:01.493+0000] {processor.py:186} INFO - Started process (PID=209) to work on /opt/airflow/dags/dag.py
[2025-08-19T04:19:01.496+0000] {processor.py:914} INFO - Processing file /opt/airflow/dags/dag.py for tasks to queue
[2025-08-19T04:19:01.502+0000] {logging_mixin.py:190} INFO - [2025-08-19T04:19:01.501+0000] {dagbag.py:588} INFO - Filling up the DagBag from /opt/airflow/dags/dag.py
[2025-08-19T04:19:01.571+0000] {processor.py:925} INFO - DAG(s) 'multi_scripts_every_5min' retrieved from /opt/airflow/dags/dag.py
[2025-08-19T04:19:01.613+0000] {logging_mixin.py:190} INFO - [2025-08-19T04:19:01.612+0000] {dag.py:3239} INFO - Sync 1 DAGs
[2025-08-19T04:19:01.658+0000] {logging_mixin.py:190} INFO - [2025-08-19T04:19:01.657+0000] {dag.py:4180} INFO - Setting next_dagrun for multi_scripts_every_5min to 2025-08-19 04:15:00+00:00, run_after=2025-08-19 04:20:00+00:00
[2025-08-19T04:19:01.689+0000] {processor.py:208} INFO - Processing /opt/airflow/dags/dag.py took 0.205 seconds
[2025-08-19T04:19:31.985+0000] {processor.py:186} INFO - Started process (PID=214) to work on /opt/airflow/dags/dag.py
[2025-08-19T04:19:31.987+0000] {processor.py:914} INFO - Processing file /opt/airflow/dags/dag.py for tasks to queue
[2025-08-19T04:19:31.993+0000] {logging_mixin.py:190} INFO - [2025-08-19T04:19:31.992+0000] {dagbag.py:588} INFO - Filling up the DagBag from /opt/airflow/dags/dag.py
[2025-08-19T04:19:32.048+0000] {processor.py:925} INFO - DAG(s) 'multi_scripts_every_5min' retrieved from /opt/airflow/dags/dag.py
[2025-08-19T04:19:32.104+0000] {logging_mixin.py:190} INFO - [2025-08-19T04:19:32.104+0000] {dag.py:3239} INFO - Sync 1 DAGs
[2025-08-19T04:19:32.157+0000] {logging_mixin.py:190} INFO - [2025-08-19T04:19:32.157+0000] {dag.py:4180} INFO - Setting next_dagrun for multi_scripts_every_5min to 2025-08-19 04:15:00+00:00, run_after=2025-08-19 04:20:00+00:00
[2025-08-19T04:19:32.226+0000] {processor.py:208} INFO - Processing /opt/airflow/dags/dag.py took 0.255 seconds
[2025-08-19T04:20:02.559+0000] {processor.py:186} INFO - Started process (PID=231) to work on /opt/airflow/dags/dag.py
[2025-08-19T04:20:02.562+0000] {processor.py:914} INFO - Processing file /opt/airflow/dags/dag.py for tasks to queue
[2025-08-19T04:20:02.567+0000] {logging_mixin.py:190} INFO - [2025-08-19T04:20:02.566+0000] {dagbag.py:588} INFO - Filling up the DagBag from /opt/airflow/dags/dag.py
[2025-08-19T04:20:02.609+0000] {processor.py:925} INFO - DAG(s) 'multi_scripts_every_5min' retrieved from /opt/airflow/dags/dag.py
[2025-08-19T04:20:02.645+0000] {logging_mixin.py:190} INFO - [2025-08-19T04:20:02.644+0000] {dag.py:3239} INFO - Sync 1 DAGs
[2025-08-19T04:20:02.687+0000] {logging_mixin.py:190} INFO - [2025-08-19T04:20:02.686+0000] {dag.py:4180} INFO - Setting next_dagrun for multi_scripts_every_5min to 2025-08-19 04:20:00+00:00, run_after=2025-08-19 04:25:00+00:00
[2025-08-19T04:20:02.716+0000] {processor.py:208} INFO - Processing /opt/airflow/dags/dag.py took 0.165 seconds
[2025-08-19T04:20:32.997+0000] {processor.py:186} INFO - Started process (PID=236) to work on /opt/airflow/dags/dag.py
[2025-08-19T04:20:33.000+0000] {processor.py:914} INFO - Processing file /opt/airflow/dags/dag.py for tasks to queue
[2025-08-19T04:20:33.013+0000] {logging_mixin.py:190} INFO - [2025-08-19T04:20:33.012+0000] {dagbag.py:588} INFO - Filling up the DagBag from /opt/airflow/dags/dag.py
[2025-08-19T04:20:33.073+0000] {processor.py:925} INFO - DAG(s) 'multi_scripts_every_5min' retrieved from /opt/airflow/dags/dag.py
[2025-08-19T04:20:33.110+0000] {logging_mixin.py:190} INFO - [2025-08-19T04:20:33.109+0000] {dag.py:3239} INFO - Sync 1 DAGs
[2025-08-19T04:20:33.146+0000] {logging_mixin.py:190} INFO - [2025-08-19T04:20:33.146+0000] {dag.py:4180} INFO - Setting next_dagrun for multi_scripts_every_5min to 2025-08-19 04:20:00+00:00, run_after=2025-08-19 04:25:00+00:00
[2025-08-19T04:20:33.210+0000] {processor.py:208} INFO - Processing /opt/airflow/dags/dag.py took 0.224 seconds
[2025-08-19T04:21:03.520+0000] {processor.py:186} INFO - Started process (PID=245) to work on /opt/airflow/dags/dag.py
[2025-08-19T04:21:03.523+0000] {processor.py:914} INFO - Processing file /opt/airflow/dags/dag.py for tasks to queue
[2025-08-19T04:21:03.528+0000] {logging_mixin.py:190} INFO - [2025-08-19T04:21:03.527+0000] {dagbag.py:588} INFO - Filling up the DagBag from /opt/airflow/dags/dag.py
[2025-08-19T04:21:03.597+0000] {processor.py:925} INFO - DAG(s) 'multi_scripts_every_5min' retrieved from /opt/airflow/dags/dag.py
[2025-08-19T04:21:03.635+0000] {logging_mixin.py:190} INFO - [2025-08-19T04:21:03.635+0000] {dag.py:3239} INFO - Sync 1 DAGs
[2025-08-19T04:21:03.668+0000] {logging_mixin.py:190} INFO - [2025-08-19T04:21:03.668+0000] {dag.py:4180} INFO - Setting next_dagrun for multi_scripts_every_5min to 2025-08-19 04:20:00+00:00, run_after=2025-08-19 04:25:00+00:00
[2025-08-19T04:21:03.695+0000] {processor.py:208} INFO - Processing /opt/airflow/dags/dag.py took 0.184 seconds
[2025-08-19T04:21:34.069+0000] {processor.py:186} INFO - Started process (PID=250) to work on /opt/airflow/dags/dag.py
[2025-08-19T04:21:34.071+0000] {processor.py:914} INFO - Processing file /opt/airflow/dags/dag.py for tasks to queue
[2025-08-19T04:21:34.075+0000] {logging_mixin.py:190} INFO - [2025-08-19T04:21:34.075+0000] {dagbag.py:588} INFO - Filling up the DagBag from /opt/airflow/dags/dag.py
[2025-08-19T04:21:34.141+0000] {processor.py:925} INFO - DAG(s) 'multi_scripts_every_5min' retrieved from /opt/airflow/dags/dag.py
[2025-08-19T04:21:34.181+0000] {logging_mixin.py:190} INFO - [2025-08-19T04:21:34.180+0000] {dag.py:3239} INFO - Sync 1 DAGs
[2025-08-19T04:21:34.218+0000] {logging_mixin.py:190} INFO - [2025-08-19T04:21:34.218+0000] {dag.py:4180} INFO - Setting next_dagrun for multi_scripts_every_5min to 2025-08-19 04:20:00+00:00, run_after=2025-08-19 04:25:00+00:00
[2025-08-19T04:21:34.251+0000] {processor.py:208} INFO - Processing /opt/airflow/dags/dag.py took 0.192 seconds
[2025-08-19T04:22:04.621+0000] {processor.py:186} INFO - Started process (PID=255) to work on /opt/airflow/dags/dag.py
[2025-08-19T04:22:04.624+0000] {processor.py:914} INFO - Processing file /opt/airflow/dags/dag.py for tasks to queue
[2025-08-19T04:22:04.628+0000] {logging_mixin.py:190} INFO - [2025-08-19T04:22:04.628+0000] {dagbag.py:588} INFO - Filling up the DagBag from /opt/airflow/dags/dag.py
[2025-08-19T04:22:04.696+0000] {processor.py:925} INFO - DAG(s) 'multi_scripts_every_5min' retrieved from /opt/airflow/dags/dag.py
[2025-08-19T04:22:04.739+0000] {logging_mixin.py:190} INFO - [2025-08-19T04:22:04.739+0000] {dag.py:3239} INFO - Sync 1 DAGs
[2025-08-19T04:22:04.782+0000] {logging_mixin.py:190} INFO - [2025-08-19T04:22:04.781+0000] {dag.py:4180} INFO - Setting next_dagrun for multi_scripts_every_5min to 2025-08-19 04:20:00+00:00, run_after=2025-08-19 04:25:00+00:00
[2025-08-19T04:22:04.818+0000] {processor.py:208} INFO - Processing /opt/airflow/dags/dag.py took 0.204 seconds
[2025-08-19T04:22:35.031+0000] {processor.py:186} INFO - Started process (PID=260) to work on /opt/airflow/dags/dag.py
[2025-08-19T04:22:35.035+0000] {processor.py:914} INFO - Processing file /opt/airflow/dags/dag.py for tasks to queue
[2025-08-19T04:22:35.039+0000] {logging_mixin.py:190} INFO - [2025-08-19T04:22:35.038+0000] {dagbag.py:588} INFO - Filling up the DagBag from /opt/airflow/dags/dag.py
[2025-08-19T04:22:35.126+0000] {processor.py:925} INFO - DAG(s) 'multi_scripts_every_5min' retrieved from /opt/airflow/dags/dag.py
[2025-08-19T04:22:35.174+0000] {logging_mixin.py:190} INFO - [2025-08-19T04:22:35.173+0000] {dag.py:3239} INFO - Sync 1 DAGs
[2025-08-19T04:22:35.209+0000] {logging_mixin.py:190} INFO - [2025-08-19T04:22:35.208+0000] {dag.py:4180} INFO - Setting next_dagrun for multi_scripts_every_5min to 2025-08-19 04:20:00+00:00, run_after=2025-08-19 04:25:00+00:00
[2025-08-19T04:22:35.240+0000] {processor.py:208} INFO - Processing /opt/airflow/dags/dag.py took 0.222 seconds
[2025-08-19T04:23:05.621+0000] {processor.py:186} INFO - Started process (PID=265) to work on /opt/airflow/dags/dag.py
[2025-08-19T04:23:05.624+0000] {processor.py:914} INFO - Processing file /opt/airflow/dags/dag.py for tasks to queue
[2025-08-19T04:23:05.631+0000] {logging_mixin.py:190} INFO - [2025-08-19T04:23:05.630+0000] {dagbag.py:588} INFO - Filling up the DagBag from /opt/airflow/dags/dag.py
[2025-08-19T04:23:05.688+0000] {processor.py:925} INFO - DAG(s) 'multi_scripts_every_5min' retrieved from /opt/airflow/dags/dag.py
[2025-08-19T04:23:05.730+0000] {logging_mixin.py:190} INFO - [2025-08-19T04:23:05.730+0000] {dag.py:3239} INFO - Sync 1 DAGs
[2025-08-19T04:23:05.773+0000] {logging_mixin.py:190} INFO - [2025-08-19T04:23:05.772+0000] {dag.py:4180} INFO - Setting next_dagrun for multi_scripts_every_5min to 2025-08-19 04:20:00+00:00, run_after=2025-08-19 04:25:00+00:00
[2025-08-19T04:23:05.807+0000] {processor.py:208} INFO - Processing /opt/airflow/dags/dag.py took 0.196 seconds
[2025-08-19T04:23:36.041+0000] {processor.py:186} INFO - Started process (PID=270) to work on /opt/airflow/dags/dag.py
[2025-08-19T04:23:36.044+0000] {processor.py:914} INFO - Processing file /opt/airflow/dags/dag.py for tasks to queue
[2025-08-19T04:23:36.049+0000] {logging_mixin.py:190} INFO - [2025-08-19T04:23:36.048+0000] {dagbag.py:588} INFO - Filling up the DagBag from /opt/airflow/dags/dag.py
[2025-08-19T04:23:36.122+0000] {processor.py:925} INFO - DAG(s) 'multi_scripts_every_5min' retrieved from /opt/airflow/dags/dag.py
[2025-08-19T04:23:36.182+0000] {logging_mixin.py:190} INFO - [2025-08-19T04:23:36.182+0000] {dag.py:3239} INFO - Sync 1 DAGs
[2025-08-19T04:23:36.223+0000] {logging_mixin.py:190} INFO - [2025-08-19T04:23:36.222+0000] {dag.py:4180} INFO - Setting next_dagrun for multi_scripts_every_5min to 2025-08-19 04:20:00+00:00, run_after=2025-08-19 04:25:00+00:00
[2025-08-19T04:23:36.253+0000] {processor.py:208} INFO - Processing /opt/airflow/dags/dag.py took 0.228 seconds
[2025-08-19T04:24:06.657+0000] {processor.py:186} INFO - Started process (PID=275) to work on /opt/airflow/dags/dag.py
[2025-08-19T04:24:06.662+0000] {processor.py:914} INFO - Processing file /opt/airflow/dags/dag.py for tasks to queue
[2025-08-19T04:24:06.665+0000] {logging_mixin.py:190} INFO - [2025-08-19T04:24:06.665+0000] {dagbag.py:588} INFO - Filling up the DagBag from /opt/airflow/dags/dag.py
[2025-08-19T04:24:06.723+0000] {processor.py:925} INFO - DAG(s) 'multi_scripts_every_5min' retrieved from /opt/airflow/dags/dag.py
[2025-08-19T04:24:06.768+0000] {logging_mixin.py:190} INFO - [2025-08-19T04:24:06.767+0000] {dag.py:3239} INFO - Sync 1 DAGs
[2025-08-19T04:24:06.810+0000] {logging_mixin.py:190} INFO - [2025-08-19T04:24:06.810+0000] {dag.py:4180} INFO - Setting next_dagrun for multi_scripts_every_5min to 2025-08-19 04:20:00+00:00, run_after=2025-08-19 04:25:00+00:00
[2025-08-19T04:24:07.113+0000] {processor.py:208} INFO - Processing /opt/airflow/dags/dag.py took 0.465 seconds
[2025-08-19T04:24:37.562+0000] {processor.py:186} INFO - Started process (PID=280) to work on /opt/airflow/dags/dag.py
[2025-08-19T04:24:37.565+0000] {processor.py:914} INFO - Processing file /opt/airflow/dags/dag.py for tasks to queue
[2025-08-19T04:24:37.571+0000] {logging_mixin.py:190} INFO - [2025-08-19T04:24:37.570+0000] {dagbag.py:588} INFO - Filling up the DagBag from /opt/airflow/dags/dag.py
[2025-08-19T04:24:37.626+0000] {processor.py:925} INFO - DAG(s) 'multi_scripts_every_5min' retrieved from /opt/airflow/dags/dag.py
[2025-08-19T04:24:37.670+0000] {logging_mixin.py:190} INFO - [2025-08-19T04:24:37.669+0000] {dag.py:3239} INFO - Sync 1 DAGs
[2025-08-19T04:24:37.923+0000] {logging_mixin.py:190} INFO - [2025-08-19T04:24:37.922+0000] {dag.py:4180} INFO - Setting next_dagrun for multi_scripts_every_5min to 2025-08-19 04:20:00+00:00, run_after=2025-08-19 04:25:00+00:00
[2025-08-19T04:24:37.951+0000] {processor.py:208} INFO - Processing /opt/airflow/dags/dag.py took 0.398 seconds
[2025-08-19T04:25:08.314+0000] {processor.py:186} INFO - Started process (PID=289) to work on /opt/airflow/dags/dag.py
[2025-08-19T04:25:08.316+0000] {processor.py:914} INFO - Processing file /opt/airflow/dags/dag.py for tasks to queue
[2025-08-19T04:25:08.320+0000] {logging_mixin.py:190} INFO - [2025-08-19T04:25:08.320+0000] {dagbag.py:588} INFO - Filling up the DagBag from /opt/airflow/dags/dag.py
[2025-08-19T04:25:08.359+0000] {processor.py:925} INFO - DAG(s) 'multi_scripts_every_5min' retrieved from /opt/airflow/dags/dag.py
[2025-08-19T04:25:08.609+0000] {logging_mixin.py:190} INFO - [2025-08-19T04:25:08.608+0000] {dag.py:3239} INFO - Sync 1 DAGs
[2025-08-19T04:25:08.641+0000] {logging_mixin.py:190} INFO - [2025-08-19T04:25:08.641+0000] {dag.py:4180} INFO - Setting next_dagrun for multi_scripts_every_5min to 2025-08-19 04:25:00+00:00, run_after=2025-08-19 04:30:00+00:00
[2025-08-19T04:25:08.664+0000] {processor.py:208} INFO - Processing /opt/airflow/dags/dag.py took 0.360 seconds
[2025-08-19T04:25:39.043+0000] {processor.py:186} INFO - Started process (PID=294) to work on /opt/airflow/dags/dag.py
[2025-08-19T04:25:39.046+0000] {processor.py:914} INFO - Processing file /opt/airflow/dags/dag.py for tasks to queue
[2025-08-19T04:25:39.051+0000] {logging_mixin.py:190} INFO - [2025-08-19T04:25:39.051+0000] {dagbag.py:588} INFO - Filling up the DagBag from /opt/airflow/dags/dag.py
[2025-08-19T04:25:39.356+0000] {processor.py:925} INFO - DAG(s) 'multi_scripts_every_5min' retrieved from /opt/airflow/dags/dag.py
[2025-08-19T04:25:39.391+0000] {logging_mixin.py:190} INFO - [2025-08-19T04:25:39.390+0000] {dag.py:3239} INFO - Sync 1 DAGs
[2025-08-19T04:25:39.421+0000] {logging_mixin.py:190} INFO - [2025-08-19T04:25:39.421+0000] {dag.py:4180} INFO - Setting next_dagrun for multi_scripts_every_5min to 2025-08-19 04:25:00+00:00, run_after=2025-08-19 04:30:00+00:00
[2025-08-19T04:25:39.446+0000] {processor.py:208} INFO - Processing /opt/airflow/dags/dag.py took 0.414 seconds
[2025-08-19T04:26:09.621+0000] {processor.py:186} INFO - Started process (PID=303) to work on /opt/airflow/dags/dag.py
[2025-08-19T04:26:09.624+0000] {processor.py:914} INFO - Processing file /opt/airflow/dags/dag.py for tasks to queue
[2025-08-19T04:26:09.629+0000] {logging_mixin.py:190} INFO - [2025-08-19T04:26:09.629+0000] {dagbag.py:588} INFO - Filling up the DagBag from /opt/airflow/dags/dag.py
[2025-08-19T04:26:09.694+0000] {processor.py:925} INFO - DAG(s) 'multi_scripts_every_5min' retrieved from /opt/airflow/dags/dag.py
[2025-08-19T04:26:09.743+0000] {logging_mixin.py:190} INFO - [2025-08-19T04:26:09.743+0000] {dag.py:3239} INFO - Sync 1 DAGs
[2025-08-19T04:26:09.782+0000] {logging_mixin.py:190} INFO - [2025-08-19T04:26:09.782+0000] {dag.py:4180} INFO - Setting next_dagrun for multi_scripts_every_5min to 2025-08-19 04:25:00+00:00, run_after=2025-08-19 04:30:00+00:00
[2025-08-19T04:26:09.816+0000] {processor.py:208} INFO - Processing /opt/airflow/dags/dag.py took 0.206 seconds
[2025-08-19T04:26:40.212+0000] {processor.py:186} INFO - Started process (PID=308) to work on /opt/airflow/dags/dag.py
[2025-08-19T04:26:40.215+0000] {processor.py:914} INFO - Processing file /opt/airflow/dags/dag.py for tasks to queue
[2025-08-19T04:26:40.219+0000] {logging_mixin.py:190} INFO - [2025-08-19T04:26:40.218+0000] {dagbag.py:588} INFO - Filling up the DagBag from /opt/airflow/dags/dag.py
[2025-08-19T04:26:40.290+0000] {processor.py:925} INFO - DAG(s) 'multi_scripts_every_5min' retrieved from /opt/airflow/dags/dag.py
[2025-08-19T04:26:40.333+0000] {logging_mixin.py:190} INFO - [2025-08-19T04:26:40.333+0000] {dag.py:3239} INFO - Sync 1 DAGs
[2025-08-19T04:26:40.378+0000] {logging_mixin.py:190} INFO - [2025-08-19T04:26:40.378+0000] {dag.py:4180} INFO - Setting next_dagrun for multi_scripts_every_5min to 2025-08-19 04:25:00+00:00, run_after=2025-08-19 04:30:00+00:00
[2025-08-19T04:26:40.411+0000] {processor.py:208} INFO - Processing /opt/airflow/dags/dag.py took 0.209 seconds
[2025-08-19T04:27:10.681+0000] {processor.py:186} INFO - Started process (PID=313) to work on /opt/airflow/dags/dag.py
[2025-08-19T04:27:10.684+0000] {processor.py:914} INFO - Processing file /opt/airflow/dags/dag.py for tasks to queue
[2025-08-19T04:27:10.689+0000] {logging_mixin.py:190} INFO - [2025-08-19T04:27:10.688+0000] {dagbag.py:588} INFO - Filling up the DagBag from /opt/airflow/dags/dag.py
[2025-08-19T04:27:10.747+0000] {processor.py:925} INFO - DAG(s) 'multi_scripts_every_5min' retrieved from /opt/airflow/dags/dag.py
[2025-08-19T04:27:10.787+0000] {logging_mixin.py:190} INFO - [2025-08-19T04:27:10.786+0000] {dag.py:3239} INFO - Sync 1 DAGs
[2025-08-19T04:27:10.821+0000] {logging_mixin.py:190} INFO - [2025-08-19T04:27:10.821+0000] {dag.py:4180} INFO - Setting next_dagrun for multi_scripts_every_5min to 2025-08-19 04:25:00+00:00, run_after=2025-08-19 04:30:00+00:00
[2025-08-19T04:27:10.852+0000] {processor.py:208} INFO - Processing /opt/airflow/dags/dag.py took 0.180 seconds
[2025-08-19T04:27:41.154+0000] {processor.py:186} INFO - Started process (PID=318) to work on /opt/airflow/dags/dag.py
[2025-08-19T04:27:41.156+0000] {processor.py:914} INFO - Processing file /opt/airflow/dags/dag.py for tasks to queue
[2025-08-19T04:27:41.161+0000] {logging_mixin.py:190} INFO - [2025-08-19T04:27:41.161+0000] {dagbag.py:588} INFO - Filling up the DagBag from /opt/airflow/dags/dag.py
[2025-08-19T04:27:41.226+0000] {processor.py:925} INFO - DAG(s) 'multi_scripts_every_5min' retrieved from /opt/airflow/dags/dag.py
[2025-08-19T04:27:41.274+0000] {logging_mixin.py:190} INFO - [2025-08-19T04:27:41.274+0000] {dag.py:3239} INFO - Sync 1 DAGs
[2025-08-19T04:27:41.307+0000] {logging_mixin.py:190} INFO - [2025-08-19T04:27:41.307+0000] {dag.py:4180} INFO - Setting next_dagrun for multi_scripts_every_5min to 2025-08-19 04:25:00+00:00, run_after=2025-08-19 04:30:00+00:00
[2025-08-19T04:27:41.333+0000] {processor.py:208} INFO - Processing /opt/airflow/dags/dag.py took 0.191 seconds
[2025-08-19T04:28:11.631+0000] {processor.py:186} INFO - Started process (PID=323) to work on /opt/airflow/dags/dag.py
[2025-08-19T04:28:11.634+0000] {processor.py:914} INFO - Processing file /opt/airflow/dags/dag.py for tasks to queue
[2025-08-19T04:28:11.640+0000] {logging_mixin.py:190} INFO - [2025-08-19T04:28:11.640+0000] {dagbag.py:588} INFO - Filling up the DagBag from /opt/airflow/dags/dag.py
[2025-08-19T04:28:11.705+0000] {processor.py:925} INFO - DAG(s) 'multi_scripts_every_5min' retrieved from /opt/airflow/dags/dag.py
[2025-08-19T04:28:11.747+0000] {logging_mixin.py:190} INFO - [2025-08-19T04:28:11.746+0000] {dag.py:3239} INFO - Sync 1 DAGs
[2025-08-19T04:28:11.781+0000] {logging_mixin.py:190} INFO - [2025-08-19T04:28:11.781+0000] {dag.py:4180} INFO - Setting next_dagrun for multi_scripts_every_5min to 2025-08-19 04:25:00+00:00, run_after=2025-08-19 04:30:00+00:00
[2025-08-19T04:28:11.812+0000] {processor.py:208} INFO - Processing /opt/airflow/dags/dag.py took 0.191 seconds
[2025-08-19T04:28:42.164+0000] {processor.py:186} INFO - Started process (PID=328) to work on /opt/airflow/dags/dag.py
[2025-08-19T04:28:42.166+0000] {processor.py:914} INFO - Processing file /opt/airflow/dags/dag.py for tasks to queue
[2025-08-19T04:28:42.171+0000] {logging_mixin.py:190} INFO - [2025-08-19T04:28:42.170+0000] {dagbag.py:588} INFO - Filling up the DagBag from /opt/airflow/dags/dag.py
[2025-08-19T04:28:42.233+0000] {processor.py:925} INFO - DAG(s) 'multi_scripts_every_5min' retrieved from /opt/airflow/dags/dag.py
[2025-08-19T04:28:42.267+0000] {logging_mixin.py:190} INFO - [2025-08-19T04:28:42.267+0000] {dag.py:3239} INFO - Sync 1 DAGs
[2025-08-19T04:28:42.301+0000] {logging_mixin.py:190} INFO - [2025-08-19T04:28:42.300+0000] {dag.py:4180} INFO - Setting next_dagrun for multi_scripts_every_5min to 2025-08-19 04:25:00+00:00, run_after=2025-08-19 04:30:00+00:00
[2025-08-19T04:28:42.328+0000] {processor.py:208} INFO - Processing /opt/airflow/dags/dag.py took 0.172 seconds
[2025-08-19T04:29:12.590+0000] {processor.py:186} INFO - Started process (PID=333) to work on /opt/airflow/dags/dag.py
[2025-08-19T04:29:12.593+0000] {processor.py:914} INFO - Processing file /opt/airflow/dags/dag.py for tasks to queue
[2025-08-19T04:29:12.597+0000] {logging_mixin.py:190} INFO - [2025-08-19T04:29:12.597+0000] {dagbag.py:588} INFO - Filling up the DagBag from /opt/airflow/dags/dag.py
[2025-08-19T04:29:12.666+0000] {processor.py:925} INFO - DAG(s) 'multi_scripts_every_5min' retrieved from /opt/airflow/dags/dag.py
[2025-08-19T04:29:12.708+0000] {logging_mixin.py:190} INFO - [2025-08-19T04:29:12.708+0000] {dag.py:3239} INFO - Sync 1 DAGs
[2025-08-19T04:29:12.743+0000] {logging_mixin.py:190} INFO - [2025-08-19T04:29:12.742+0000] {dag.py:4180} INFO - Setting next_dagrun for multi_scripts_every_5min to 2025-08-19 04:25:00+00:00, run_after=2025-08-19 04:30:00+00:00
[2025-08-19T04:29:12.774+0000] {processor.py:208} INFO - Processing /opt/airflow/dags/dag.py took 0.196 seconds
[2025-08-19T04:29:43.138+0000] {processor.py:186} INFO - Started process (PID=338) to work on /opt/airflow/dags/dag.py
[2025-08-19T04:29:43.141+0000] {processor.py:914} INFO - Processing file /opt/airflow/dags/dag.py for tasks to queue
[2025-08-19T04:29:43.145+0000] {logging_mixin.py:190} INFO - [2025-08-19T04:29:43.144+0000] {dagbag.py:588} INFO - Filling up the DagBag from /opt/airflow/dags/dag.py
[2025-08-19T04:29:43.197+0000] {processor.py:925} INFO - DAG(s) 'multi_scripts_every_5min' retrieved from /opt/airflow/dags/dag.py
[2025-08-19T04:29:43.242+0000] {logging_mixin.py:190} INFO - [2025-08-19T04:29:43.241+0000] {dag.py:3239} INFO - Sync 1 DAGs
[2025-08-19T04:29:43.286+0000] {logging_mixin.py:190} INFO - [2025-08-19T04:29:43.286+0000] {dag.py:4180} INFO - Setting next_dagrun for multi_scripts_every_5min to 2025-08-19 04:25:00+00:00, run_after=2025-08-19 04:30:00+00:00
[2025-08-19T04:29:43.322+0000] {processor.py:208} INFO - Processing /opt/airflow/dags/dag.py took 0.194 seconds
[2025-08-19T04:30:13.524+0000] {processor.py:186} INFO - Started process (PID=347) to work on /opt/airflow/dags/dag.py
[2025-08-19T04:30:13.526+0000] {processor.py:914} INFO - Processing file /opt/airflow/dags/dag.py for tasks to queue
[2025-08-19T04:30:13.529+0000] {logging_mixin.py:190} INFO - [2025-08-19T04:30:13.529+0000] {dagbag.py:588} INFO - Filling up the DagBag from /opt/airflow/dags/dag.py
[2025-08-19T04:30:13.589+0000] {processor.py:925} INFO - DAG(s) 'multi_scripts_every_5min' retrieved from /opt/airflow/dags/dag.py
[2025-08-19T04:30:13.629+0000] {logging_mixin.py:190} INFO - [2025-08-19T04:30:13.628+0000] {dag.py:3239} INFO - Sync 1 DAGs
[2025-08-19T04:30:13.665+0000] {logging_mixin.py:190} INFO - [2025-08-19T04:30:13.664+0000] {dag.py:4180} INFO - Setting next_dagrun for multi_scripts_every_5min to 2025-08-19 04:30:00+00:00, run_after=2025-08-19 04:35:00+00:00
[2025-08-19T04:30:13.694+0000] {processor.py:208} INFO - Processing /opt/airflow/dags/dag.py took 0.180 seconds
[2025-08-19T04:30:43.983+0000] {processor.py:186} INFO - Started process (PID=352) to work on /opt/airflow/dags/dag.py
[2025-08-19T04:30:43.985+0000] {processor.py:914} INFO - Processing file /opt/airflow/dags/dag.py for tasks to queue
[2025-08-19T04:30:43.989+0000] {logging_mixin.py:190} INFO - [2025-08-19T04:30:43.988+0000] {dagbag.py:588} INFO - Filling up the DagBag from /opt/airflow/dags/dag.py
[2025-08-19T04:30:44.069+0000] {processor.py:925} INFO - DAG(s) 'multi_scripts_every_5min' retrieved from /opt/airflow/dags/dag.py
[2025-08-19T04:30:44.108+0000] {logging_mixin.py:190} INFO - [2025-08-19T04:30:44.108+0000] {dag.py:3239} INFO - Sync 1 DAGs
[2025-08-19T04:30:44.149+0000] {logging_mixin.py:190} INFO - [2025-08-19T04:30:44.148+0000] {dag.py:4180} INFO - Setting next_dagrun for multi_scripts_every_5min to 2025-08-19 04:30:00+00:00, run_after=2025-08-19 04:35:00+00:00
[2025-08-19T04:30:44.175+0000] {processor.py:208} INFO - Processing /opt/airflow/dags/dag.py took 0.199 seconds
[2025-08-19T04:31:14.331+0000] {processor.py:186} INFO - Started process (PID=361) to work on /opt/airflow/dags/dag.py
[2025-08-19T04:31:14.332+0000] {processor.py:914} INFO - Processing file /opt/airflow/dags/dag.py for tasks to queue
[2025-08-19T04:31:14.336+0000] {logging_mixin.py:190} INFO - [2025-08-19T04:31:14.335+0000] {dagbag.py:588} INFO - Filling up the DagBag from /opt/airflow/dags/dag.py
[2025-08-19T04:31:14.389+0000] {processor.py:925} INFO - DAG(s) 'multi_scripts_every_5min' retrieved from /opt/airflow/dags/dag.py
[2025-08-19T04:31:14.428+0000] {logging_mixin.py:190} INFO - [2025-08-19T04:31:14.427+0000] {dag.py:3239} INFO - Sync 1 DAGs
[2025-08-19T04:31:14.459+0000] {logging_mixin.py:190} INFO - [2025-08-19T04:31:14.458+0000] {dag.py:4180} INFO - Setting next_dagrun for multi_scripts_every_5min to 2025-08-19 04:30:00+00:00, run_after=2025-08-19 04:35:00+00:00
[2025-08-19T04:31:14.483+0000] {processor.py:208} INFO - Processing /opt/airflow/dags/dag.py took 0.161 seconds
[2025-08-19T04:31:44.733+0000] {processor.py:186} INFO - Started process (PID=366) to work on /opt/airflow/dags/dag.py
[2025-08-19T04:31:44.736+0000] {processor.py:914} INFO - Processing file /opt/airflow/dags/dag.py for tasks to queue
[2025-08-19T04:31:44.740+0000] {logging_mixin.py:190} INFO - [2025-08-19T04:31:44.740+0000] {dagbag.py:588} INFO - Filling up the DagBag from /opt/airflow/dags/dag.py
[2025-08-19T04:31:44.803+0000] {processor.py:925} INFO - DAG(s) 'multi_scripts_every_5min' retrieved from /opt/airflow/dags/dag.py
[2025-08-19T04:31:44.842+0000] {logging_mixin.py:190} INFO - [2025-08-19T04:31:44.842+0000] {dag.py:3239} INFO - Sync 1 DAGs
[2025-08-19T04:31:44.875+0000] {logging_mixin.py:190} INFO - [2025-08-19T04:31:44.875+0000] {dag.py:4180} INFO - Setting next_dagrun for multi_scripts_every_5min to 2025-08-19 04:30:00+00:00, run_after=2025-08-19 04:35:00+00:00
[2025-08-19T04:31:44.902+0000] {processor.py:208} INFO - Processing /opt/airflow/dags/dag.py took 0.180 seconds
[2025-08-19T04:32:15.339+0000] {processor.py:186} INFO - Started process (PID=371) to work on /opt/airflow/dags/dag.py
[2025-08-19T04:32:15.342+0000] {processor.py:914} INFO - Processing file /opt/airflow/dags/dag.py for tasks to queue
[2025-08-19T04:32:15.348+0000] {logging_mixin.py:190} INFO - [2025-08-19T04:32:15.348+0000] {dagbag.py:588} INFO - Filling up the DagBag from /opt/airflow/dags/dag.py
[2025-08-19T04:32:15.414+0000] {processor.py:925} INFO - DAG(s) 'multi_scripts_every_5min' retrieved from /opt/airflow/dags/dag.py
[2025-08-19T04:32:15.453+0000] {logging_mixin.py:190} INFO - [2025-08-19T04:32:15.452+0000] {dag.py:3239} INFO - Sync 1 DAGs
[2025-08-19T04:32:15.488+0000] {logging_mixin.py:190} INFO - [2025-08-19T04:32:15.488+0000] {dag.py:4180} INFO - Setting next_dagrun for multi_scripts_every_5min to 2025-08-19 04:30:00+00:00, run_after=2025-08-19 04:35:00+00:00
[2025-08-19T04:32:15.524+0000] {processor.py:208} INFO - Processing /opt/airflow/dags/dag.py took 0.195 seconds
[2025-08-19T04:32:45.722+0000] {processor.py:186} INFO - Started process (PID=376) to work on /opt/airflow/dags/dag.py
[2025-08-19T04:32:45.724+0000] {processor.py:914} INFO - Processing file /opt/airflow/dags/dag.py for tasks to queue
[2025-08-19T04:32:45.728+0000] {logging_mixin.py:190} INFO - [2025-08-19T04:32:45.728+0000] {dagbag.py:588} INFO - Filling up the DagBag from /opt/airflow/dags/dag.py
[2025-08-19T04:32:45.782+0000] {processor.py:925} INFO - DAG(s) 'multi_scripts_every_5min' retrieved from /opt/airflow/dags/dag.py
[2025-08-19T04:32:45.817+0000] {logging_mixin.py:190} INFO - [2025-08-19T04:32:45.816+0000] {dag.py:3239} INFO - Sync 1 DAGs
[2025-08-19T04:32:45.860+0000] {logging_mixin.py:190} INFO - [2025-08-19T04:32:45.860+0000] {dag.py:4180} INFO - Setting next_dagrun for multi_scripts_every_5min to 2025-08-19 04:30:00+00:00, run_after=2025-08-19 04:35:00+00:00
[2025-08-19T04:32:45.897+0000] {processor.py:208} INFO - Processing /opt/airflow/dags/dag.py took 0.187 seconds
[2025-08-19T04:33:16.386+0000] {processor.py:186} INFO - Started process (PID=381) to work on /opt/airflow/dags/dag.py
[2025-08-19T04:33:16.390+0000] {processor.py:914} INFO - Processing file /opt/airflow/dags/dag.py for tasks to queue
[2025-08-19T04:33:16.396+0000] {logging_mixin.py:190} INFO - [2025-08-19T04:33:16.395+0000] {dagbag.py:588} INFO - Filling up the DagBag from /opt/airflow/dags/dag.py
[2025-08-19T04:33:16.468+0000] {processor.py:925} INFO - DAG(s) 'multi_scripts_every_5min' retrieved from /opt/airflow/dags/dag.py
[2025-08-19T04:33:16.518+0000] {logging_mixin.py:190} INFO - [2025-08-19T04:33:16.518+0000] {dag.py:3239} INFO - Sync 1 DAGs
[2025-08-19T04:33:16.562+0000] {logging_mixin.py:190} INFO - [2025-08-19T04:33:16.561+0000] {dag.py:4180} INFO - Setting next_dagrun for multi_scripts_every_5min to 2025-08-19 04:30:00+00:00, run_after=2025-08-19 04:35:00+00:00
[2025-08-19T04:33:16.598+0000] {processor.py:208} INFO - Processing /opt/airflow/dags/dag.py took 0.225 seconds
[2025-08-19T04:33:46.856+0000] {processor.py:186} INFO - Started process (PID=386) to work on /opt/airflow/dags/dag.py
[2025-08-19T04:33:46.858+0000] {processor.py:914} INFO - Processing file /opt/airflow/dags/dag.py for tasks to queue
[2025-08-19T04:33:46.864+0000] {logging_mixin.py:190} INFO - [2025-08-19T04:33:46.863+0000] {dagbag.py:588} INFO - Filling up the DagBag from /opt/airflow/dags/dag.py
[2025-08-19T04:33:46.916+0000] {processor.py:925} INFO - DAG(s) 'multi_scripts_every_5min' retrieved from /opt/airflow/dags/dag.py
[2025-08-19T04:33:46.957+0000] {logging_mixin.py:190} INFO - [2025-08-19T04:33:46.957+0000] {dag.py:3239} INFO - Sync 1 DAGs
[2025-08-19T04:33:46.999+0000] {logging_mixin.py:190} INFO - [2025-08-19T04:33:46.999+0000] {dag.py:4180} INFO - Setting next_dagrun for multi_scripts_every_5min to 2025-08-19 04:30:00+00:00, run_after=2025-08-19 04:35:00+00:00
[2025-08-19T04:33:47.029+0000] {processor.py:208} INFO - Processing /opt/airflow/dags/dag.py took 0.181 seconds
[2025-08-19T04:34:17.462+0000] {processor.py:186} INFO - Started process (PID=391) to work on /opt/airflow/dags/dag.py
[2025-08-19T04:34:17.464+0000] {processor.py:914} INFO - Processing file /opt/airflow/dags/dag.py for tasks to queue
[2025-08-19T04:34:17.468+0000] {logging_mixin.py:190} INFO - [2025-08-19T04:34:17.467+0000] {dagbag.py:588} INFO - Filling up the DagBag from /opt/airflow/dags/dag.py
[2025-08-19T04:34:17.518+0000] {processor.py:925} INFO - DAG(s) 'multi_scripts_every_5min' retrieved from /opt/airflow/dags/dag.py
[2025-08-19T04:34:17.556+0000] {logging_mixin.py:190} INFO - [2025-08-19T04:34:17.555+0000] {dag.py:3239} INFO - Sync 1 DAGs
[2025-08-19T04:34:17.591+0000] {logging_mixin.py:190} INFO - [2025-08-19T04:34:17.591+0000] {dag.py:4180} INFO - Setting next_dagrun for multi_scripts_every_5min to 2025-08-19 04:30:00+00:00, run_after=2025-08-19 04:35:00+00:00
[2025-08-19T04:34:17.622+0000] {processor.py:208} INFO - Processing /opt/airflow/dags/dag.py took 0.168 seconds
[2025-08-19T04:34:47.835+0000] {processor.py:186} INFO - Started process (PID=396) to work on /opt/airflow/dags/dag.py
[2025-08-19T04:34:47.838+0000] {processor.py:914} INFO - Processing file /opt/airflow/dags/dag.py for tasks to queue
[2025-08-19T04:34:47.842+0000] {logging_mixin.py:190} INFO - [2025-08-19T04:34:47.841+0000] {dagbag.py:588} INFO - Filling up the DagBag from /opt/airflow/dags/dag.py
[2025-08-19T04:34:47.883+0000] {processor.py:925} INFO - DAG(s) 'multi_scripts_every_5min' retrieved from /opt/airflow/dags/dag.py
[2025-08-19T04:34:47.918+0000] {logging_mixin.py:190} INFO - [2025-08-19T04:34:47.917+0000] {dag.py:3239} INFO - Sync 1 DAGs
[2025-08-19T04:34:47.952+0000] {logging_mixin.py:190} INFO - [2025-08-19T04:34:47.952+0000] {dag.py:4180} INFO - Setting next_dagrun for multi_scripts_every_5min to 2025-08-19 04:30:00+00:00, run_after=2025-08-19 04:35:00+00:00
[2025-08-19T04:34:47.980+0000] {processor.py:208} INFO - Processing /opt/airflow/dags/dag.py took 0.153 seconds
[2025-08-19T04:35:18.327+0000] {processor.py:186} INFO - Started process (PID=405) to work on /opt/airflow/dags/dag.py
[2025-08-19T04:35:18.330+0000] {processor.py:914} INFO - Processing file /opt/airflow/dags/dag.py for tasks to queue
[2025-08-19T04:35:18.335+0000] {logging_mixin.py:190} INFO - [2025-08-19T04:35:18.334+0000] {dagbag.py:588} INFO - Filling up the DagBag from /opt/airflow/dags/dag.py
[2025-08-19T04:35:18.384+0000] {processor.py:925} INFO - DAG(s) 'multi_scripts_every_5min' retrieved from /opt/airflow/dags/dag.py
[2025-08-19T04:35:18.430+0000] {logging_mixin.py:190} INFO - [2025-08-19T04:35:18.430+0000] {dag.py:3239} INFO - Sync 1 DAGs
[2025-08-19T04:35:18.474+0000] {logging_mixin.py:190} INFO - [2025-08-19T04:35:18.473+0000] {dag.py:4180} INFO - Setting next_dagrun for multi_scripts_every_5min to 2025-08-19 04:35:00+00:00, run_after=2025-08-19 04:40:00+00:00
[2025-08-19T04:35:18.507+0000] {processor.py:208} INFO - Processing /opt/airflow/dags/dag.py took 0.189 seconds
[2025-08-19T04:35:48.628+0000] {processor.py:186} INFO - Started process (PID=410) to work on /opt/airflow/dags/dag.py
[2025-08-19T04:35:48.630+0000] {processor.py:914} INFO - Processing file /opt/airflow/dags/dag.py for tasks to queue
[2025-08-19T04:35:48.635+0000] {logging_mixin.py:190} INFO - [2025-08-19T04:35:48.635+0000] {dagbag.py:588} INFO - Filling up the DagBag from /opt/airflow/dags/dag.py
[2025-08-19T04:35:48.681+0000] {processor.py:925} INFO - DAG(s) 'multi_scripts_every_5min' retrieved from /opt/airflow/dags/dag.py
[2025-08-19T04:35:48.719+0000] {logging_mixin.py:190} INFO - [2025-08-19T04:35:48.718+0000] {dag.py:3239} INFO - Sync 1 DAGs
[2025-08-19T04:35:48.758+0000] {logging_mixin.py:190} INFO - [2025-08-19T04:35:48.757+0000] {dag.py:4180} INFO - Setting next_dagrun for multi_scripts_every_5min to 2025-08-19 04:35:00+00:00, run_after=2025-08-19 04:40:00+00:00
[2025-08-19T04:35:48.786+0000] {processor.py:208} INFO - Processing /opt/airflow/dags/dag.py took 0.166 seconds
[2025-08-19T04:36:19.154+0000] {processor.py:186} INFO - Started process (PID=419) to work on /opt/airflow/dags/dag.py
[2025-08-19T04:36:19.157+0000] {processor.py:914} INFO - Processing file /opt/airflow/dags/dag.py for tasks to queue
[2025-08-19T04:36:19.161+0000] {logging_mixin.py:190} INFO - [2025-08-19T04:36:19.161+0000] {dagbag.py:588} INFO - Filling up the DagBag from /opt/airflow/dags/dag.py
[2025-08-19T04:36:19.218+0000] {processor.py:925} INFO - DAG(s) 'multi_scripts_every_5min' retrieved from /opt/airflow/dags/dag.py
[2025-08-19T04:36:19.258+0000] {logging_mixin.py:190} INFO - [2025-08-19T04:36:19.258+0000] {dag.py:3239} INFO - Sync 1 DAGs
[2025-08-19T04:36:19.292+0000] {logging_mixin.py:190} INFO - [2025-08-19T04:36:19.291+0000] {dag.py:4180} INFO - Setting next_dagrun for multi_scripts_every_5min to 2025-08-19 04:35:00+00:00, run_after=2025-08-19 04:40:00+00:00
[2025-08-19T04:36:19.326+0000] {processor.py:208} INFO - Processing /opt/airflow/dags/dag.py took 0.180 seconds
[2025-08-19T04:36:49.544+0000] {processor.py:186} INFO - Started process (PID=424) to work on /opt/airflow/dags/dag.py
[2025-08-19T04:36:49.547+0000] {processor.py:914} INFO - Processing file /opt/airflow/dags/dag.py for tasks to queue
[2025-08-19T04:36:49.551+0000] {logging_mixin.py:190} INFO - [2025-08-19T04:36:49.551+0000] {dagbag.py:588} INFO - Filling up the DagBag from /opt/airflow/dags/dag.py
[2025-08-19T04:36:49.602+0000] {processor.py:925} INFO - DAG(s) 'multi_scripts_every_5min' retrieved from /opt/airflow/dags/dag.py
[2025-08-19T04:36:49.643+0000] {logging_mixin.py:190} INFO - [2025-08-19T04:36:49.642+0000] {dag.py:3239} INFO - Sync 1 DAGs
[2025-08-19T04:36:49.702+0000] {logging_mixin.py:190} INFO - [2025-08-19T04:36:49.701+0000] {dag.py:4180} INFO - Setting next_dagrun for multi_scripts_every_5min to 2025-08-19 04:35:00+00:00, run_after=2025-08-19 04:40:00+00:00
[2025-08-19T04:36:49.730+0000] {processor.py:208} INFO - Processing /opt/airflow/dags/dag.py took 0.193 seconds
[2025-08-19T04:37:20.183+0000] {processor.py:186} INFO - Started process (PID=429) to work on /opt/airflow/dags/dag.py
[2025-08-19T04:37:20.185+0000] {processor.py:914} INFO - Processing file /opt/airflow/dags/dag.py for tasks to queue
[2025-08-19T04:37:20.190+0000] {logging_mixin.py:190} INFO - [2025-08-19T04:37:20.190+0000] {dagbag.py:588} INFO - Filling up the DagBag from /opt/airflow/dags/dag.py
[2025-08-19T04:37:20.248+0000] {processor.py:925} INFO - DAG(s) 'multi_scripts_every_5min' retrieved from /opt/airflow/dags/dag.py
[2025-08-19T04:37:20.289+0000] {logging_mixin.py:190} INFO - [2025-08-19T04:37:20.289+0000] {dag.py:3239} INFO - Sync 1 DAGs
[2025-08-19T04:37:20.323+0000] {logging_mixin.py:190} INFO - [2025-08-19T04:37:20.323+0000] {dag.py:4180} INFO - Setting next_dagrun for multi_scripts_every_5min to 2025-08-19 04:35:00+00:00, run_after=2025-08-19 04:40:00+00:00
[2025-08-19T04:37:20.350+0000] {processor.py:208} INFO - Processing /opt/airflow/dags/dag.py took 0.175 seconds
[2025-08-19T04:37:50.574+0000] {processor.py:186} INFO - Started process (PID=434) to work on /opt/airflow/dags/dag.py
[2025-08-19T04:37:50.577+0000] {processor.py:914} INFO - Processing file /opt/airflow/dags/dag.py for tasks to queue
[2025-08-19T04:37:50.582+0000] {logging_mixin.py:190} INFO - [2025-08-19T04:37:50.581+0000] {dagbag.py:588} INFO - Filling up the DagBag from /opt/airflow/dags/dag.py
[2025-08-19T04:37:50.646+0000] {processor.py:925} INFO - DAG(s) 'multi_scripts_every_5min' retrieved from /opt/airflow/dags/dag.py
[2025-08-19T04:37:50.682+0000] {logging_mixin.py:190} INFO - [2025-08-19T04:37:50.682+0000] {dag.py:3239} INFO - Sync 1 DAGs
[2025-08-19T04:37:50.717+0000] {logging_mixin.py:190} INFO - [2025-08-19T04:37:50.717+0000] {dag.py:4180} INFO - Setting next_dagrun for multi_scripts_every_5min to 2025-08-19 04:35:00+00:00, run_after=2025-08-19 04:40:00+00:00
[2025-08-19T04:37:50.747+0000] {processor.py:208} INFO - Processing /opt/airflow/dags/dag.py took 0.182 seconds
[2025-08-19T04:38:21.230+0000] {processor.py:186} INFO - Started process (PID=439) to work on /opt/airflow/dags/dag.py
[2025-08-19T04:38:21.234+0000] {processor.py:914} INFO - Processing file /opt/airflow/dags/dag.py for tasks to queue
[2025-08-19T04:38:21.240+0000] {logging_mixin.py:190} INFO - [2025-08-19T04:38:21.240+0000] {dagbag.py:588} INFO - Filling up the DagBag from /opt/airflow/dags/dag.py
[2025-08-19T04:38:21.323+0000] {processor.py:925} INFO - DAG(s) 'multi_scripts_every_5min' retrieved from /opt/airflow/dags/dag.py
[2025-08-19T04:38:21.382+0000] {logging_mixin.py:190} INFO - [2025-08-19T04:38:21.380+0000] {dag.py:3239} INFO - Sync 1 DAGs
[2025-08-19T04:38:21.450+0000] {logging_mixin.py:190} INFO - [2025-08-19T04:38:21.450+0000] {dag.py:4180} INFO - Setting next_dagrun for multi_scripts_every_5min to 2025-08-19 04:35:00+00:00, run_after=2025-08-19 04:40:00+00:00
[2025-08-19T04:38:21.501+0000] {processor.py:208} INFO - Processing /opt/airflow/dags/dag.py took 0.293 seconds
[2025-08-19T04:38:51.612+0000] {processor.py:186} INFO - Started process (PID=444) to work on /opt/airflow/dags/dag.py
[2025-08-19T04:38:51.615+0000] {processor.py:914} INFO - Processing file /opt/airflow/dags/dag.py for tasks to queue
[2025-08-19T04:38:51.618+0000] {logging_mixin.py:190} INFO - [2025-08-19T04:38:51.618+0000] {dagbag.py:588} INFO - Filling up the DagBag from /opt/airflow/dags/dag.py
[2025-08-19T04:38:51.690+0000] {processor.py:925} INFO - DAG(s) 'multi_scripts_every_5min' retrieved from /opt/airflow/dags/dag.py
[2025-08-19T04:38:51.734+0000] {logging_mixin.py:190} INFO - [2025-08-19T04:38:51.734+0000] {dag.py:3239} INFO - Sync 1 DAGs
[2025-08-19T04:38:51.773+0000] {logging_mixin.py:190} INFO - [2025-08-19T04:38:51.773+0000] {dag.py:4180} INFO - Setting next_dagrun for multi_scripts_every_5min to 2025-08-19 04:35:00+00:00, run_after=2025-08-19 04:40:00+00:00
[2025-08-19T04:38:51.802+0000] {processor.py:208} INFO - Processing /opt/airflow/dags/dag.py took 0.197 seconds
[2025-08-19T04:39:21.992+0000] {processor.py:186} INFO - Started process (PID=449) to work on /opt/airflow/dags/dag.py
[2025-08-19T04:39:21.994+0000] {processor.py:914} INFO - Processing file /opt/airflow/dags/dag.py for tasks to queue
[2025-08-19T04:39:21.999+0000] {logging_mixin.py:190} INFO - [2025-08-19T04:39:21.998+0000] {dagbag.py:588} INFO - Filling up the DagBag from /opt/airflow/dags/dag.py
[2025-08-19T04:39:22.054+0000] {processor.py:925} INFO - DAG(s) 'multi_scripts_every_5min' retrieved from /opt/airflow/dags/dag.py
[2025-08-19T04:39:22.096+0000] {logging_mixin.py:190} INFO - [2025-08-19T04:39:22.096+0000] {dag.py:3239} INFO - Sync 1 DAGs
[2025-08-19T04:39:22.134+0000] {logging_mixin.py:190} INFO - [2025-08-19T04:39:22.134+0000] {dag.py:4180} INFO - Setting next_dagrun for multi_scripts_every_5min to 2025-08-19 04:35:00+00:00, run_after=2025-08-19 04:40:00+00:00
[2025-08-19T04:39:22.169+0000] {processor.py:208} INFO - Processing /opt/airflow/dags/dag.py took 0.185 seconds
[2025-08-19T04:39:52.586+0000] {processor.py:186} INFO - Started process (PID=454) to work on /opt/airflow/dags/dag.py
[2025-08-19T04:39:52.588+0000] {processor.py:914} INFO - Processing file /opt/airflow/dags/dag.py for tasks to queue
[2025-08-19T04:39:52.593+0000] {logging_mixin.py:190} INFO - [2025-08-19T04:39:52.592+0000] {dagbag.py:588} INFO - Filling up the DagBag from /opt/airflow/dags/dag.py
[2025-08-19T04:39:52.649+0000] {processor.py:925} INFO - DAG(s) 'multi_scripts_every_5min' retrieved from /opt/airflow/dags/dag.py
[2025-08-19T04:39:52.708+0000] {logging_mixin.py:190} INFO - [2025-08-19T04:39:52.708+0000] {dag.py:3239} INFO - Sync 1 DAGs
[2025-08-19T04:39:52.769+0000] {logging_mixin.py:190} INFO - [2025-08-19T04:39:52.769+0000] {dag.py:4180} INFO - Setting next_dagrun for multi_scripts_every_5min to 2025-08-19 04:35:00+00:00, run_after=2025-08-19 04:40:00+00:00
[2025-08-19T04:39:52.809+0000] {processor.py:208} INFO - Processing /opt/airflow/dags/dag.py took 0.231 seconds
[2025-08-19T04:40:22.914+0000] {processor.py:186} INFO - Started process (PID=463) to work on /opt/airflow/dags/dag.py
[2025-08-19T04:40:22.923+0000] {processor.py:914} INFO - Processing file /opt/airflow/dags/dag.py for tasks to queue
[2025-08-19T04:40:22.928+0000] {logging_mixin.py:190} INFO - [2025-08-19T04:40:22.928+0000] {dagbag.py:588} INFO - Filling up the DagBag from /opt/airflow/dags/dag.py
[2025-08-19T04:40:22.973+0000] {processor.py:925} INFO - DAG(s) 'multi_scripts_every_5min' retrieved from /opt/airflow/dags/dag.py
[2025-08-19T04:40:23.012+0000] {logging_mixin.py:190} INFO - [2025-08-19T04:40:23.012+0000] {dag.py:3239} INFO - Sync 1 DAGs
[2025-08-19T04:40:23.048+0000] {logging_mixin.py:190} INFO - [2025-08-19T04:40:23.048+0000] {dag.py:4180} INFO - Setting next_dagrun for multi_scripts_every_5min to 2025-08-19 04:40:00+00:00, run_after=2025-08-19 04:45:00+00:00
[2025-08-19T04:40:23.075+0000] {processor.py:208} INFO - Processing /opt/airflow/dags/dag.py took 0.173 seconds
[2025-08-19T04:40:53.335+0000] {processor.py:186} INFO - Started process (PID=468) to work on /opt/airflow/dags/dag.py
[2025-08-19T04:40:53.338+0000] {processor.py:914} INFO - Processing file /opt/airflow/dags/dag.py for tasks to queue
[2025-08-19T04:40:53.343+0000] {logging_mixin.py:190} INFO - [2025-08-19T04:40:53.343+0000] {dagbag.py:588} INFO - Filling up the DagBag from /opt/airflow/dags/dag.py
[2025-08-19T04:40:53.398+0000] {processor.py:925} INFO - DAG(s) 'multi_scripts_every_5min' retrieved from /opt/airflow/dags/dag.py
[2025-08-19T04:40:53.440+0000] {logging_mixin.py:190} INFO - [2025-08-19T04:40:53.440+0000] {dag.py:3239} INFO - Sync 1 DAGs
[2025-08-19T04:40:53.478+0000] {logging_mixin.py:190} INFO - [2025-08-19T04:40:53.478+0000] {dag.py:4180} INFO - Setting next_dagrun for multi_scripts_every_5min to 2025-08-19 04:40:00+00:00, run_after=2025-08-19 04:45:00+00:00
[2025-08-19T04:40:53.510+0000] {processor.py:208} INFO - Processing /opt/airflow/dags/dag.py took 0.185 seconds
[2025-08-19T04:41:23.828+0000] {processor.py:186} INFO - Started process (PID=477) to work on /opt/airflow/dags/dag.py
[2025-08-19T04:41:23.830+0000] {processor.py:914} INFO - Processing file /opt/airflow/dags/dag.py for tasks to queue
[2025-08-19T04:41:23.836+0000] {logging_mixin.py:190} INFO - [2025-08-19T04:41:23.835+0000] {dagbag.py:588} INFO - Filling up the DagBag from /opt/airflow/dags/dag.py
[2025-08-19T04:41:23.900+0000] {processor.py:925} INFO - DAG(s) 'multi_scripts_every_5min' retrieved from /opt/airflow/dags/dag.py
[2025-08-19T04:41:23.939+0000] {logging_mixin.py:190} INFO - [2025-08-19T04:41:23.938+0000] {dag.py:3239} INFO - Sync 1 DAGs
[2025-08-19T04:41:23.976+0000] {logging_mixin.py:190} INFO - [2025-08-19T04:41:23.976+0000] {dag.py:4180} INFO - Setting next_dagrun for multi_scripts_every_5min to 2025-08-19 04:40:00+00:00, run_after=2025-08-19 04:45:00+00:00
[2025-08-19T04:41:24.000+0000] {processor.py:208} INFO - Processing /opt/airflow/dags/dag.py took 0.181 seconds
[2025-08-19T04:41:54.263+0000] {processor.py:186} INFO - Started process (PID=482) to work on /opt/airflow/dags/dag.py
[2025-08-19T04:41:54.266+0000] {processor.py:914} INFO - Processing file /opt/airflow/dags/dag.py for tasks to queue
[2025-08-19T04:41:54.270+0000] {logging_mixin.py:190} INFO - [2025-08-19T04:41:54.270+0000] {dagbag.py:588} INFO - Filling up the DagBag from /opt/airflow/dags/dag.py
[2025-08-19T04:41:54.338+0000] {processor.py:925} INFO - DAG(s) 'multi_scripts_every_5min' retrieved from /opt/airflow/dags/dag.py
[2025-08-19T04:41:54.383+0000] {logging_mixin.py:190} INFO - [2025-08-19T04:41:54.382+0000] {dag.py:3239} INFO - Sync 1 DAGs
[2025-08-19T04:41:54.417+0000] {logging_mixin.py:190} INFO - [2025-08-19T04:41:54.417+0000] {dag.py:4180} INFO - Setting next_dagrun for multi_scripts_every_5min to 2025-08-19 04:40:00+00:00, run_after=2025-08-19 04:45:00+00:00
[2025-08-19T04:41:54.446+0000] {processor.py:208} INFO - Processing /opt/airflow/dags/dag.py took 0.194 seconds
[2025-08-19T04:42:24.920+0000] {processor.py:186} INFO - Started process (PID=487) to work on /opt/airflow/dags/dag.py
[2025-08-19T04:42:24.923+0000] {processor.py:914} INFO - Processing file /opt/airflow/dags/dag.py for tasks to queue
[2025-08-19T04:42:24.927+0000] {logging_mixin.py:190} INFO - [2025-08-19T04:42:24.927+0000] {dagbag.py:588} INFO - Filling up the DagBag from /opt/airflow/dags/dag.py
[2025-08-19T04:42:24.988+0000] {processor.py:925} INFO - DAG(s) 'multi_scripts_every_5min' retrieved from /opt/airflow/dags/dag.py
[2025-08-19T04:42:25.031+0000] {logging_mixin.py:190} INFO - [2025-08-19T04:42:25.031+0000] {dag.py:3239} INFO - Sync 1 DAGs
[2025-08-19T04:42:25.075+0000] {logging_mixin.py:190} INFO - [2025-08-19T04:42:25.074+0000] {dag.py:4180} INFO - Setting next_dagrun for multi_scripts_every_5min to 2025-08-19 04:40:00+00:00, run_after=2025-08-19 04:45:00+00:00
[2025-08-19T04:42:25.103+0000] {processor.py:208} INFO - Processing /opt/airflow/dags/dag.py took 0.192 seconds
[2025-08-19T04:42:55.311+0000] {processor.py:186} INFO - Started process (PID=492) to work on /opt/airflow/dags/dag.py
[2025-08-19T04:42:55.314+0000] {processor.py:914} INFO - Processing file /opt/airflow/dags/dag.py for tasks to queue
[2025-08-19T04:42:55.319+0000] {logging_mixin.py:190} INFO - [2025-08-19T04:42:55.318+0000] {dagbag.py:588} INFO - Filling up the DagBag from /opt/airflow/dags/dag.py
[2025-08-19T04:42:55.378+0000] {processor.py:925} INFO - DAG(s) 'multi_scripts_every_5min' retrieved from /opt/airflow/dags/dag.py
[2025-08-19T04:42:55.418+0000] {logging_mixin.py:190} INFO - [2025-08-19T04:42:55.418+0000] {dag.py:3239} INFO - Sync 1 DAGs
[2025-08-19T04:42:55.459+0000] {logging_mixin.py:190} INFO - [2025-08-19T04:42:55.458+0000] {dag.py:4180} INFO - Setting next_dagrun for multi_scripts_every_5min to 2025-08-19 04:40:00+00:00, run_after=2025-08-19 04:45:00+00:00
[2025-08-19T04:42:55.492+0000] {processor.py:208} INFO - Processing /opt/airflow/dags/dag.py took 0.190 seconds
[2025-08-19T04:43:25.883+0000] {processor.py:186} INFO - Started process (PID=497) to work on /opt/airflow/dags/dag.py
[2025-08-19T04:43:25.885+0000] {processor.py:914} INFO - Processing file /opt/airflow/dags/dag.py for tasks to queue
[2025-08-19T04:43:25.891+0000] {logging_mixin.py:190} INFO - [2025-08-19T04:43:25.890+0000] {dagbag.py:588} INFO - Filling up the DagBag from /opt/airflow/dags/dag.py
[2025-08-19T04:43:25.948+0000] {processor.py:925} INFO - DAG(s) 'multi_scripts_every_5min' retrieved from /opt/airflow/dags/dag.py
[2025-08-19T04:43:25.985+0000] {logging_mixin.py:190} INFO - [2025-08-19T04:43:25.985+0000] {dag.py:3239} INFO - Sync 1 DAGs
[2025-08-19T04:43:26.020+0000] {logging_mixin.py:190} INFO - [2025-08-19T04:43:26.019+0000] {dag.py:4180} INFO - Setting next_dagrun for multi_scripts_every_5min to 2025-08-19 04:40:00+00:00, run_after=2025-08-19 04:45:00+00:00
[2025-08-19T04:43:26.048+0000] {processor.py:208} INFO - Processing /opt/airflow/dags/dag.py took 0.176 seconds
[2025-08-19T04:43:56.330+0000] {processor.py:186} INFO - Started process (PID=502) to work on /opt/airflow/dags/dag.py
[2025-08-19T04:43:56.332+0000] {processor.py:914} INFO - Processing file /opt/airflow/dags/dag.py for tasks to queue
[2025-08-19T04:43:56.339+0000] {logging_mixin.py:190} INFO - [2025-08-19T04:43:56.338+0000] {dagbag.py:588} INFO - Filling up the DagBag from /opt/airflow/dags/dag.py
[2025-08-19T04:43:56.410+0000] {processor.py:925} INFO - DAG(s) 'multi_scripts_every_5min' retrieved from /opt/airflow/dags/dag.py
[2025-08-19T04:43:56.450+0000] {logging_mixin.py:190} INFO - [2025-08-19T04:43:56.450+0000] {dag.py:3239} INFO - Sync 1 DAGs
[2025-08-19T04:43:56.490+0000] {logging_mixin.py:190} INFO - [2025-08-19T04:43:56.489+0000] {dag.py:4180} INFO - Setting next_dagrun for multi_scripts_every_5min to 2025-08-19 04:40:00+00:00, run_after=2025-08-19 04:45:00+00:00
[2025-08-19T04:43:56.522+0000] {processor.py:208} INFO - Processing /opt/airflow/dags/dag.py took 0.203 seconds
[2025-08-19T04:44:26.971+0000] {processor.py:186} INFO - Started process (PID=507) to work on /opt/airflow/dags/dag.py
[2025-08-19T04:44:26.973+0000] {processor.py:914} INFO - Processing file /opt/airflow/dags/dag.py for tasks to queue
[2025-08-19T04:44:26.980+0000] {logging_mixin.py:190} INFO - [2025-08-19T04:44:26.978+0000] {dagbag.py:588} INFO - Filling up the DagBag from /opt/airflow/dags/dag.py
[2025-08-19T04:44:27.090+0000] {processor.py:925} INFO - DAG(s) 'multi_scripts_every_5min' retrieved from /opt/airflow/dags/dag.py
[2025-08-19T04:44:27.132+0000] {logging_mixin.py:190} INFO - [2025-08-19T04:44:27.131+0000] {dag.py:3239} INFO - Sync 1 DAGs
[2025-08-19T04:44:27.170+0000] {logging_mixin.py:190} INFO - [2025-08-19T04:44:27.169+0000] {dag.py:4180} INFO - Setting next_dagrun for multi_scripts_every_5min to 2025-08-19 04:40:00+00:00, run_after=2025-08-19 04:45:00+00:00
[2025-08-19T04:44:27.198+0000] {processor.py:208} INFO - Processing /opt/airflow/dags/dag.py took 0.235 seconds
[2025-08-19T04:44:57.605+0000] {processor.py:186} INFO - Started process (PID=512) to work on /opt/airflow/dags/dag.py
[2025-08-19T04:44:57.609+0000] {processor.py:914} INFO - Processing file /opt/airflow/dags/dag.py for tasks to queue
[2025-08-19T04:44:57.614+0000] {logging_mixin.py:190} INFO - [2025-08-19T04:44:57.613+0000] {dagbag.py:588} INFO - Filling up the DagBag from /opt/airflow/dags/dag.py
[2025-08-19T04:44:57.667+0000] {processor.py:925} INFO - DAG(s) 'multi_scripts_every_5min' retrieved from /opt/airflow/dags/dag.py
[2025-08-19T04:44:57.710+0000] {logging_mixin.py:190} INFO - [2025-08-19T04:44:57.710+0000] {dag.py:3239} INFO - Sync 1 DAGs
[2025-08-19T04:44:57.747+0000] {logging_mixin.py:190} INFO - [2025-08-19T04:44:57.747+0000] {dag.py:4180} INFO - Setting next_dagrun for multi_scripts_every_5min to 2025-08-19 04:40:00+00:00, run_after=2025-08-19 04:45:00+00:00
[2025-08-19T04:44:57.778+0000] {processor.py:208} INFO - Processing /opt/airflow/dags/dag.py took 0.184 seconds
[2025-08-19T04:45:27.964+0000] {processor.py:186} INFO - Started process (PID=521) to work on /opt/airflow/dags/dag.py
[2025-08-19T04:45:27.967+0000] {processor.py:914} INFO - Processing file /opt/airflow/dags/dag.py for tasks to queue
[2025-08-19T04:45:27.971+0000] {logging_mixin.py:190} INFO - [2025-08-19T04:45:27.970+0000] {dagbag.py:588} INFO - Filling up the DagBag from /opt/airflow/dags/dag.py
[2025-08-19T04:45:28.036+0000] {processor.py:925} INFO - DAG(s) 'multi_scripts_every_5min' retrieved from /opt/airflow/dags/dag.py
[2025-08-19T04:45:28.085+0000] {logging_mixin.py:190} INFO - [2025-08-19T04:45:28.084+0000] {dag.py:3239} INFO - Sync 1 DAGs
[2025-08-19T04:45:28.135+0000] {logging_mixin.py:190} INFO - [2025-08-19T04:45:28.134+0000] {dag.py:4180} INFO - Setting next_dagrun for multi_scripts_every_5min to 2025-08-19 04:45:00+00:00, run_after=2025-08-19 04:50:00+00:00
[2025-08-19T04:45:28.164+0000] {processor.py:208} INFO - Processing /opt/airflow/dags/dag.py took 0.217 seconds
[2025-08-19T04:45:58.420+0000] {processor.py:186} INFO - Started process (PID=526) to work on /opt/airflow/dags/dag.py
[2025-08-19T04:45:58.422+0000] {processor.py:914} INFO - Processing file /opt/airflow/dags/dag.py for tasks to queue
[2025-08-19T04:45:58.427+0000] {logging_mixin.py:190} INFO - [2025-08-19T04:45:58.427+0000] {dagbag.py:588} INFO - Filling up the DagBag from /opt/airflow/dags/dag.py
[2025-08-19T04:45:58.476+0000] {processor.py:925} INFO - DAG(s) 'multi_scripts_every_5min' retrieved from /opt/airflow/dags/dag.py
[2025-08-19T04:45:58.517+0000] {logging_mixin.py:190} INFO - [2025-08-19T04:45:58.517+0000] {dag.py:3239} INFO - Sync 1 DAGs
[2025-08-19T04:45:58.560+0000] {logging_mixin.py:190} INFO - [2025-08-19T04:45:58.560+0000] {dag.py:4180} INFO - Setting next_dagrun for multi_scripts_every_5min to 2025-08-19 04:45:00+00:00, run_after=2025-08-19 04:50:00+00:00
[2025-08-19T04:45:58.592+0000] {processor.py:208} INFO - Processing /opt/airflow/dags/dag.py took 0.182 seconds
[2025-08-19T04:46:28.843+0000] {processor.py:186} INFO - Started process (PID=535) to work on /opt/airflow/dags/dag.py
[2025-08-19T04:46:28.847+0000] {processor.py:914} INFO - Processing file /opt/airflow/dags/dag.py for tasks to queue
[2025-08-19T04:46:28.851+0000] {logging_mixin.py:190} INFO - [2025-08-19T04:46:28.851+0000] {dagbag.py:588} INFO - Filling up the DagBag from /opt/airflow/dags/dag.py
[2025-08-19T04:46:28.923+0000] {processor.py:925} INFO - DAG(s) 'multi_scripts_every_5min' retrieved from /opt/airflow/dags/dag.py
[2025-08-19T04:46:28.960+0000] {logging_mixin.py:190} INFO - [2025-08-19T04:46:28.959+0000] {dag.py:3239} INFO - Sync 1 DAGs
[2025-08-19T04:46:29.000+0000] {logging_mixin.py:190} INFO - [2025-08-19T04:46:29.000+0000] {dag.py:4180} INFO - Setting next_dagrun for multi_scripts_every_5min to 2025-08-19 04:45:00+00:00, run_after=2025-08-19 04:50:00+00:00
[2025-08-19T04:46:29.042+0000] {processor.py:208} INFO - Processing /opt/airflow/dags/dag.py took 0.209 seconds
[2025-08-19T04:46:59.265+0000] {processor.py:186} INFO - Started process (PID=540) to work on /opt/airflow/dags/dag.py
[2025-08-19T04:46:59.267+0000] {processor.py:914} INFO - Processing file /opt/airflow/dags/dag.py for tasks to queue
[2025-08-19T04:46:59.270+0000] {logging_mixin.py:190} INFO - [2025-08-19T04:46:59.270+0000] {dagbag.py:588} INFO - Filling up the DagBag from /opt/airflow/dags/dag.py
[2025-08-19T04:46:59.311+0000] {processor.py:925} INFO - DAG(s) 'multi_scripts_every_5min' retrieved from /opt/airflow/dags/dag.py
[2025-08-19T04:46:59.352+0000] {logging_mixin.py:190} INFO - [2025-08-19T04:46:59.352+0000] {dag.py:3239} INFO - Sync 1 DAGs
[2025-08-19T04:46:59.390+0000] {logging_mixin.py:190} INFO - [2025-08-19T04:46:59.390+0000] {dag.py:4180} INFO - Setting next_dagrun for multi_scripts_every_5min to 2025-08-19 04:45:00+00:00, run_after=2025-08-19 04:50:00+00:00
[2025-08-19T04:46:59.417+0000] {processor.py:208} INFO - Processing /opt/airflow/dags/dag.py took 0.160 seconds
[2025-08-19T04:47:29.772+0000] {processor.py:186} INFO - Started process (PID=545) to work on /opt/airflow/dags/dag.py
[2025-08-19T04:47:29.776+0000] {processor.py:914} INFO - Processing file /opt/airflow/dags/dag.py for tasks to queue
[2025-08-19T04:47:29.785+0000] {logging_mixin.py:190} INFO - [2025-08-19T04:47:29.784+0000] {dagbag.py:588} INFO - Filling up the DagBag from /opt/airflow/dags/dag.py
[2025-08-19T04:47:29.838+0000] {processor.py:925} INFO - DAG(s) 'multi_scripts_every_5min' retrieved from /opt/airflow/dags/dag.py
[2025-08-19T04:47:29.876+0000] {logging_mixin.py:190} INFO - [2025-08-19T04:47:29.875+0000] {dag.py:3239} INFO - Sync 1 DAGs
[2025-08-19T04:47:29.911+0000] {logging_mixin.py:190} INFO - [2025-08-19T04:47:29.910+0000] {dag.py:4180} INFO - Setting next_dagrun for multi_scripts_every_5min to 2025-08-19 04:45:00+00:00, run_after=2025-08-19 04:50:00+00:00
[2025-08-19T04:47:29.940+0000] {processor.py:208} INFO - Processing /opt/airflow/dags/dag.py took 0.178 seconds
[2025-08-19T04:48:00.254+0000] {processor.py:186} INFO - Started process (PID=550) to work on /opt/airflow/dags/dag.py
[2025-08-19T04:48:00.255+0000] {processor.py:914} INFO - Processing file /opt/airflow/dags/dag.py for tasks to queue
[2025-08-19T04:48:00.262+0000] {logging_mixin.py:190} INFO - [2025-08-19T04:48:00.261+0000] {dagbag.py:588} INFO - Filling up the DagBag from /opt/airflow/dags/dag.py
[2025-08-19T04:48:00.312+0000] {processor.py:925} INFO - DAG(s) 'multi_scripts_every_5min' retrieved from /opt/airflow/dags/dag.py
[2025-08-19T04:48:00.357+0000] {logging_mixin.py:190} INFO - [2025-08-19T04:48:00.356+0000] {dag.py:3239} INFO - Sync 1 DAGs
[2025-08-19T04:48:00.397+0000] {logging_mixin.py:190} INFO - [2025-08-19T04:48:00.397+0000] {dag.py:4180} INFO - Setting next_dagrun for multi_scripts_every_5min to 2025-08-19 04:45:00+00:00, run_after=2025-08-19 04:50:00+00:00
[2025-08-19T04:48:00.429+0000] {processor.py:208} INFO - Processing /opt/airflow/dags/dag.py took 0.185 seconds
[2025-08-19T04:48:30.667+0000] {processor.py:186} INFO - Started process (PID=555) to work on /opt/airflow/dags/dag.py
[2025-08-19T04:48:30.669+0000] {processor.py:914} INFO - Processing file /opt/airflow/dags/dag.py for tasks to queue
[2025-08-19T04:48:30.673+0000] {logging_mixin.py:190} INFO - [2025-08-19T04:48:30.672+0000] {dagbag.py:588} INFO - Filling up the DagBag from /opt/airflow/dags/dag.py
[2025-08-19T04:48:30.738+0000] {processor.py:925} INFO - DAG(s) 'multi_scripts_every_5min' retrieved from /opt/airflow/dags/dag.py
[2025-08-19T04:48:30.791+0000] {logging_mixin.py:190} INFO - [2025-08-19T04:48:30.790+0000] {dag.py:3239} INFO - Sync 1 DAGs
[2025-08-19T04:48:30.835+0000] {logging_mixin.py:190} INFO - [2025-08-19T04:48:30.835+0000] {dag.py:4180} INFO - Setting next_dagrun for multi_scripts_every_5min to 2025-08-19 04:45:00+00:00, run_after=2025-08-19 04:50:00+00:00
[2025-08-19T04:48:30.867+0000] {processor.py:208} INFO - Processing /opt/airflow/dags/dag.py took 0.210 seconds
[2025-08-19T04:49:01.053+0000] {processor.py:186} INFO - Started process (PID=560) to work on /opt/airflow/dags/dag.py
[2025-08-19T04:49:01.055+0000] {processor.py:914} INFO - Processing file /opt/airflow/dags/dag.py for tasks to queue
[2025-08-19T04:49:01.058+0000] {logging_mixin.py:190} INFO - [2025-08-19T04:49:01.058+0000] {dagbag.py:588} INFO - Filling up the DagBag from /opt/airflow/dags/dag.py
[2025-08-19T04:49:01.096+0000] {processor.py:925} INFO - DAG(s) 'multi_scripts_every_5min' retrieved from /opt/airflow/dags/dag.py
[2025-08-19T04:49:01.137+0000] {logging_mixin.py:190} INFO - [2025-08-19T04:49:01.136+0000] {dag.py:3239} INFO - Sync 1 DAGs
[2025-08-19T04:49:01.174+0000] {logging_mixin.py:190} INFO - [2025-08-19T04:49:01.173+0000] {dag.py:4180} INFO - Setting next_dagrun for multi_scripts_every_5min to 2025-08-19 04:45:00+00:00, run_after=2025-08-19 04:50:00+00:00
[2025-08-19T04:49:01.202+0000] {processor.py:208} INFO - Processing /opt/airflow/dags/dag.py took 0.158 seconds
[2025-08-19T04:49:31.584+0000] {processor.py:186} INFO - Started process (PID=565) to work on /opt/airflow/dags/dag.py
[2025-08-19T04:49:31.586+0000] {processor.py:914} INFO - Processing file /opt/airflow/dags/dag.py for tasks to queue
[2025-08-19T04:49:31.590+0000] {logging_mixin.py:190} INFO - [2025-08-19T04:49:31.590+0000] {dagbag.py:588} INFO - Filling up the DagBag from /opt/airflow/dags/dag.py
[2025-08-19T04:49:31.646+0000] {processor.py:925} INFO - DAG(s) 'multi_scripts_every_5min' retrieved from /opt/airflow/dags/dag.py
[2025-08-19T04:49:31.695+0000] {logging_mixin.py:190} INFO - [2025-08-19T04:49:31.695+0000] {dag.py:3239} INFO - Sync 1 DAGs
[2025-08-19T04:49:31.741+0000] {logging_mixin.py:190} INFO - [2025-08-19T04:49:31.740+0000] {dag.py:4180} INFO - Setting next_dagrun for multi_scripts_every_5min to 2025-08-19 04:45:00+00:00, run_after=2025-08-19 04:50:00+00:00
[2025-08-19T04:49:31.772+0000] {processor.py:208} INFO - Processing /opt/airflow/dags/dag.py took 0.199 seconds
[2025-08-19T04:50:01.950+0000] {processor.py:186} INFO - Started process (PID=574) to work on /opt/airflow/dags/dag.py
[2025-08-19T04:50:01.953+0000] {processor.py:914} INFO - Processing file /opt/airflow/dags/dag.py for tasks to queue
[2025-08-19T04:50:01.958+0000] {logging_mixin.py:190} INFO - [2025-08-19T04:50:01.958+0000] {dagbag.py:588} INFO - Filling up the DagBag from /opt/airflow/dags/dag.py
[2025-08-19T04:50:02.017+0000] {processor.py:925} INFO - DAG(s) 'multi_scripts_every_5min' retrieved from /opt/airflow/dags/dag.py
[2025-08-19T04:50:02.057+0000] {logging_mixin.py:190} INFO - [2025-08-19T04:50:02.056+0000] {dag.py:3239} INFO - Sync 1 DAGs
[2025-08-19T04:50:02.088+0000] {logging_mixin.py:190} INFO - [2025-08-19T04:50:02.088+0000] {dag.py:4180} INFO - Setting next_dagrun for multi_scripts_every_5min to 2025-08-19 04:50:00+00:00, run_after=2025-08-19 04:55:00+00:00
[2025-08-19T04:50:02.117+0000] {processor.py:208} INFO - Processing /opt/airflow/dags/dag.py took 0.179 seconds
[2025-08-19T04:50:32.567+0000] {processor.py:186} INFO - Started process (PID=579) to work on /opt/airflow/dags/dag.py
[2025-08-19T04:50:32.569+0000] {processor.py:914} INFO - Processing file /opt/airflow/dags/dag.py for tasks to queue
[2025-08-19T04:50:32.574+0000] {logging_mixin.py:190} INFO - [2025-08-19T04:50:32.574+0000] {dagbag.py:588} INFO - Filling up the DagBag from /opt/airflow/dags/dag.py
[2025-08-19T04:50:32.621+0000] {processor.py:925} INFO - DAG(s) 'multi_scripts_every_5min' retrieved from /opt/airflow/dags/dag.py
[2025-08-19T04:50:32.664+0000] {logging_mixin.py:190} INFO - [2025-08-19T04:50:32.664+0000] {dag.py:3239} INFO - Sync 1 DAGs
[2025-08-19T04:50:32.705+0000] {logging_mixin.py:190} INFO - [2025-08-19T04:50:32.705+0000] {dag.py:4180} INFO - Setting next_dagrun for multi_scripts_every_5min to 2025-08-19 04:50:00+00:00, run_after=2025-08-19 04:55:00+00:00
[2025-08-19T04:50:32.737+0000] {processor.py:208} INFO - Processing /opt/airflow/dags/dag.py took 0.178 seconds
[2025-08-19T04:51:02.877+0000] {processor.py:186} INFO - Started process (PID=585) to work on /opt/airflow/dags/dag.py
[2025-08-19T04:51:02.880+0000] {processor.py:914} INFO - Processing file /opt/airflow/dags/dag.py for tasks to queue
[2025-08-19T04:51:02.885+0000] {logging_mixin.py:190} INFO - [2025-08-19T04:51:02.885+0000] {dagbag.py:588} INFO - Filling up the DagBag from /opt/airflow/dags/dag.py
[2025-08-19T04:51:02.942+0000] {processor.py:925} INFO - DAG(s) 'multi_scripts_every_5min' retrieved from /opt/airflow/dags/dag.py
[2025-08-19T04:51:02.985+0000] {logging_mixin.py:190} INFO - [2025-08-19T04:51:02.985+0000] {dag.py:3239} INFO - Sync 1 DAGs
[2025-08-19T04:51:03.026+0000] {logging_mixin.py:190} INFO - [2025-08-19T04:51:03.026+0000] {dag.py:4180} INFO - Setting next_dagrun for multi_scripts_every_5min to 2025-08-19 04:50:00+00:00, run_after=2025-08-19 04:55:00+00:00
[2025-08-19T04:51:03.055+0000] {processor.py:208} INFO - Processing /opt/airflow/dags/dag.py took 0.191 seconds
[2025-08-19T04:51:33.440+0000] {processor.py:186} INFO - Started process (PID=593) to work on /opt/airflow/dags/dag.py
[2025-08-19T04:51:33.443+0000] {processor.py:914} INFO - Processing file /opt/airflow/dags/dag.py for tasks to queue
[2025-08-19T04:51:33.446+0000] {logging_mixin.py:190} INFO - [2025-08-19T04:51:33.446+0000] {dagbag.py:588} INFO - Filling up the DagBag from /opt/airflow/dags/dag.py
[2025-08-19T04:51:33.517+0000] {processor.py:925} INFO - DAG(s) 'multi_scripts_every_5min' retrieved from /opt/airflow/dags/dag.py
[2025-08-19T04:51:33.562+0000] {logging_mixin.py:190} INFO - [2025-08-19T04:51:33.561+0000] {dag.py:3239} INFO - Sync 1 DAGs
[2025-08-19T04:51:33.598+0000] {logging_mixin.py:190} INFO - [2025-08-19T04:51:33.597+0000] {dag.py:4180} INFO - Setting next_dagrun for multi_scripts_every_5min to 2025-08-19 04:50:00+00:00, run_after=2025-08-19 04:55:00+00:00
[2025-08-19T04:51:33.625+0000] {processor.py:208} INFO - Processing /opt/airflow/dags/dag.py took 0.192 seconds
[2025-08-19T04:52:03.882+0000] {processor.py:186} INFO - Started process (PID=598) to work on /opt/airflow/dags/dag.py
[2025-08-19T04:52:03.884+0000] {processor.py:914} INFO - Processing file /opt/airflow/dags/dag.py for tasks to queue
[2025-08-19T04:52:03.888+0000] {logging_mixin.py:190} INFO - [2025-08-19T04:52:03.887+0000] {dagbag.py:588} INFO - Filling up the DagBag from /opt/airflow/dags/dag.py
[2025-08-19T04:52:03.926+0000] {processor.py:925} INFO - DAG(s) 'multi_scripts_every_5min' retrieved from /opt/airflow/dags/dag.py
[2025-08-19T04:52:03.967+0000] {logging_mixin.py:190} INFO - [2025-08-19T04:52:03.967+0000] {dag.py:3239} INFO - Sync 1 DAGs
[2025-08-19T04:52:04.005+0000] {logging_mixin.py:190} INFO - [2025-08-19T04:52:04.005+0000] {dag.py:4180} INFO - Setting next_dagrun for multi_scripts_every_5min to 2025-08-19 04:50:00+00:00, run_after=2025-08-19 04:55:00+00:00
[2025-08-19T04:52:04.047+0000] {processor.py:208} INFO - Processing /opt/airflow/dags/dag.py took 0.174 seconds
[2025-08-19T04:52:34.377+0000] {processor.py:186} INFO - Started process (PID=603) to work on /opt/airflow/dags/dag.py
[2025-08-19T04:52:34.380+0000] {processor.py:914} INFO - Processing file /opt/airflow/dags/dag.py for tasks to queue
[2025-08-19T04:52:34.385+0000] {logging_mixin.py:190} INFO - [2025-08-19T04:52:34.385+0000] {dagbag.py:588} INFO - Filling up the DagBag from /opt/airflow/dags/dag.py
[2025-08-19T04:52:34.436+0000] {processor.py:925} INFO - DAG(s) 'multi_scripts_every_5min' retrieved from /opt/airflow/dags/dag.py
[2025-08-19T04:52:34.494+0000] {logging_mixin.py:190} INFO - [2025-08-19T04:52:34.493+0000] {dag.py:3239} INFO - Sync 1 DAGs
[2025-08-19T04:52:34.552+0000] {logging_mixin.py:190} INFO - [2025-08-19T04:52:34.552+0000] {dag.py:4180} INFO - Setting next_dagrun for multi_scripts_every_5min to 2025-08-19 04:50:00+00:00, run_after=2025-08-19 04:55:00+00:00
[2025-08-19T04:52:34.590+0000] {processor.py:208} INFO - Processing /opt/airflow/dags/dag.py took 0.226 seconds
